[INFO ] 2020-04-14 13:32:34.924 [restartedMain] c.e.s.psl.SpringbootpslApplication - Starting SpringbootpslApplication on DESKTOP-11AKJED with PID 19996 (C:\Users\pengs\Downloads\hljzgd-springboottest2-master\springboottest2\target\classes started by 奥特虾不会写代码 in C:\Users\pengs\Downloads\hljzgd-springboottest2-master\springboottest2)
[INFO ] 2020-04-14 13:32:34.926 [restartedMain] c.e.s.psl.SpringbootpslApplication - No active profile set, falling back to default profiles: default
[INFO ] 2020-04-14 13:32:34.975 [restartedMain] o.s.b.d.e.DevToolsPropertyDefaultsPostProcessor - Devtools property defaults active! Set 'spring.devtools.add-properties' to 'false' to disable
[INFO ] 2020-04-14 13:32:34.975 [restartedMain] o.s.b.d.e.DevToolsPropertyDefaultsPostProcessor - For additional web related logging consider setting the 'logging.level.web' property to 'DEBUG'
[INFO ] 2020-04-14 13:32:36.174 [restartedMain] o.s.b.w.e.tomcat.TomcatWebServer - Tomcat initialized with port(s): 8821 (http)
[INFO ] 2020-04-14 13:32:36.185 [restartedMain] o.a.coyote.http11.Http11NioProtocol - Initializing ProtocolHandler ["http-nio-8821"]
[INFO ] 2020-04-14 13:32:36.191 [restartedMain] o.a.catalina.core.StandardService - Starting service [Tomcat]
[INFO ] 2020-04-14 13:32:36.192 [restartedMain] o.a.catalina.core.StandardEngine - Starting Servlet Engine: Apache Tomcat/9.0.13
[INFO ] 2020-04-14 13:32:36.198 [restartedMain] o.a.c.core.AprLifecycleListener - The APR based Apache Tomcat Native library which allows optimal performance in production environments was not found on the java.library.path: [C:\Program Files\Java\jdk1.8.0_144\bin;C:\WINDOWS\Sun\Java\bin;C:\WINDOWS\system32;C:\WINDOWS;C:/Program Files/Java/jdk1.8.0_144/bin/../jre/bin/server;C:/Program Files/Java/jdk1.8.0_144/bin/../jre/bin;C:/Program Files/Java/jdk1.8.0_144/bin/../jre/lib/amd64;C:\app\FristJava\product\11.2.0\dbhome_1\bin;"C:\ProgramData\Oracle\Java\javapath ;C:\Program Files\Java\jdk1.8.0_144\bin;C:\Program Files\Java\jdk1.8.0_144\jre\bin;";C:\Windows\system32;C:\Windows;C:\Windows\System32\Wbem;C:\Windows\System32\WindowsPowerShell\v1.0\;C:\Program Files (x86)\NVIDIA Corporation\PhysX\Common;C:\WINDOWS\system32;C:\WINDOWS;C:\WINDOWS\System32\Wbem;C:\WINDOWS\System32\WindowsPowerShell\v1.0\;C:\WINDOWS\System32\OpenSSH\;C:\Program Files\TortoiseSVN\bin;D:\maven\apache-maven-3.6.0\bin\;D:\Program Files\Microsoft VS Code\bin;D:\Users\pengs\mysql-8.0.18-winx64\bin;D:\Program Files\TortoiseGit\bin;D:\Program Files\Git\cmd;D:\Program Files\nodejs\;C:\Program Files\Intel\WiFi\bin\;C:\Program Files\Common Files\Intel\WirelessCommon\;C:\Program Files\MySQL\MySQL Shell 8.0\bin\;C:\Users\pengs\AppData\Local\Microsoft\WindowsApps;;%IntelliJ IDEA%;C:\Users\pengs\AppData\Roaming\npm;C:\Users\pengs\Desktop;;.]
[INFO ] 2020-04-14 13:32:36.271 [restartedMain] o.a.c.c.C.[Tomcat].[localhost].[/] - Initializing Spring embedded WebApplicationContext
[INFO ] 2020-04-14 13:32:36.271 [restartedMain] o.s.web.context.ContextLoader - Root WebApplicationContext: initialization completed in 1296 ms
[INFO ] 2020-04-14 13:32:36.810 [restartedMain] o.s.s.c.ThreadPoolTaskExecutor - Initializing ExecutorService 'applicationTaskExecutor'
[INFO ] 2020-04-14 13:32:36.935 [restartedMain] o.s.b.a.w.s.WelcomePageHandlerMapping - Adding welcome page template: index
[INFO ] 2020-04-14 13:32:37.200 [restartedMain] o.s.b.d.a.OptionalLiveReloadServer - LiveReload server is running on port 35729
[INFO ] 2020-04-14 13:32:37.224 [restartedMain] o.a.coyote.http11.Http11NioProtocol - Starting ProtocolHandler ["http-nio-8821"]
[INFO ] 2020-04-14 13:32:37.236 [restartedMain] o.a.tomcat.util.net.NioSelectorPool - Using a shared selector for servlet write/read
[INFO ] 2020-04-14 13:32:37.256 [restartedMain] o.s.b.w.e.tomcat.TomcatWebServer - Tomcat started on port(s): 8821 (http) with context path ''
[INFO ] 2020-04-14 13:32:37.261 [restartedMain] c.e.s.psl.SpringbootpslApplication - Started SpringbootpslApplication in 2.819 seconds (JVM running for 4.248)
[INFO ] 2020-04-14 13:37:39.298 [RMI TCP Connection(11)-127.0.0.1] o.s.b.a.SpringApplicationAdminMXBeanRegistrar$SpringApplicationAdmin - Application shutdown requested.
[INFO ] 2020-04-14 13:37:39.301 [RMI TCP Connection(11)-127.0.0.1] o.s.s.c.ThreadPoolTaskExecutor - Shutting down ExecutorService 'applicationTaskExecutor'
[INFO ] 2020-04-14 14:08:21.116 [restartedMain] c.e.s.psl.SpringbootpslApplication - Starting SpringbootpslApplication on DESKTOP-11AKJED with PID 7500 (C:\Users\pengs\Downloads\hljzgd-springboottest2-master\springboottest2\target\classes started by 奥特虾不会写代码 in C:\Users\pengs\Downloads\hljzgd-springboottest2-master\springboottest2)
[INFO ] 2020-04-14 14:08:21.121 [restartedMain] c.e.s.psl.SpringbootpslApplication - No active profile set, falling back to default profiles: default
[INFO ] 2020-04-14 14:08:21.217 [restartedMain] o.s.b.d.e.DevToolsPropertyDefaultsPostProcessor - Devtools property defaults active! Set 'spring.devtools.add-properties' to 'false' to disable
[INFO ] 2020-04-14 14:08:21.218 [restartedMain] o.s.b.d.e.DevToolsPropertyDefaultsPostProcessor - For additional web related logging consider setting the 'logging.level.web' property to 'DEBUG'
[INFO ] 2020-04-14 14:08:22.413 [restartedMain] o.s.b.w.e.tomcat.TomcatWebServer - Tomcat initialized with port(s): 8821 (http)
[INFO ] 2020-04-14 14:08:22.425 [restartedMain] o.a.coyote.http11.Http11NioProtocol - Initializing ProtocolHandler ["http-nio-8821"]
[INFO ] 2020-04-14 14:08:22.432 [restartedMain] o.a.catalina.core.StandardService - Starting service [Tomcat]
[INFO ] 2020-04-14 14:08:22.433 [restartedMain] o.a.catalina.core.StandardEngine - Starting Servlet Engine: Apache Tomcat/9.0.13
[INFO ] 2020-04-14 14:08:22.442 [restartedMain] o.a.c.core.AprLifecycleListener - The APR based Apache Tomcat Native library which allows optimal performance in production environments was not found on the java.library.path: [C:\Program Files\Java\jdk1.8.0_144\bin;C:\WINDOWS\Sun\Java\bin;C:\WINDOWS\system32;C:\WINDOWS;C:/Program Files/Java/jdk1.8.0_144/bin/../jre/bin/server;C:/Program Files/Java/jdk1.8.0_144/bin/../jre/bin;C:/Program Files/Java/jdk1.8.0_144/bin/../jre/lib/amd64;C:\app\FristJava\product\11.2.0\dbhome_1\bin;"C:\ProgramData\Oracle\Java\javapath ;C:\Program Files\Java\jdk1.8.0_144\bin;C:\Program Files\Java\jdk1.8.0_144\jre\bin;";C:\Windows\system32;C:\Windows;C:\Windows\System32\Wbem;C:\Windows\System32\WindowsPowerShell\v1.0\;C:\Program Files (x86)\NVIDIA Corporation\PhysX\Common;C:\WINDOWS\system32;C:\WINDOWS;C:\WINDOWS\System32\Wbem;C:\WINDOWS\System32\WindowsPowerShell\v1.0\;C:\WINDOWS\System32\OpenSSH\;C:\Program Files\TortoiseSVN\bin;D:\maven\apache-maven-3.6.0\bin\;D:\Program Files\Microsoft VS Code\bin;D:\Users\pengs\mysql-8.0.18-winx64\bin;D:\Program Files\TortoiseGit\bin;D:\Program Files\Git\cmd;D:\Program Files\nodejs\;C:\Program Files\Intel\WiFi\bin\;C:\Program Files\Common Files\Intel\WirelessCommon\;C:\Program Files\MySQL\MySQL Shell 8.0\bin\;C:\Users\pengs\AppData\Local\Microsoft\WindowsApps;;%IntelliJ IDEA%;C:\Users\pengs\AppData\Roaming\npm;C:\Users\pengs\Desktop;;.]
[INFO ] 2020-04-14 14:08:22.527 [restartedMain] o.a.c.c.C.[Tomcat].[localhost].[/] - Initializing Spring embedded WebApplicationContext
[INFO ] 2020-04-14 14:08:22.527 [restartedMain] o.s.web.context.ContextLoader - Root WebApplicationContext: initialization completed in 1309 ms
[INFO ] 2020-04-14 14:08:23.089 [restartedMain] o.s.s.c.ThreadPoolTaskExecutor - Initializing ExecutorService 'applicationTaskExecutor'
[INFO ] 2020-04-14 14:08:23.193 [restartedMain] o.s.b.a.w.s.WelcomePageHandlerMapping - Adding welcome page template: index
[INFO ] 2020-04-14 14:08:23.453 [restartedMain] o.s.b.d.a.OptionalLiveReloadServer - LiveReload server is running on port 35729
[INFO ] 2020-04-14 14:08:23.495 [restartedMain] o.a.coyote.http11.Http11NioProtocol - Starting ProtocolHandler ["http-nio-8821"]
[INFO ] 2020-04-14 14:08:23.507 [restartedMain] o.a.tomcat.util.net.NioSelectorPool - Using a shared selector for servlet write/read
[INFO ] 2020-04-14 14:08:23.534 [restartedMain] o.s.b.w.e.tomcat.TomcatWebServer - Tomcat started on port(s): 8821 (http) with context path ''
[INFO ] 2020-04-14 14:08:23.539 [restartedMain] c.e.s.psl.SpringbootpslApplication - Started SpringbootpslApplication in 2.916 seconds (JVM running for 4.355)
[INFO ] 2020-04-14 14:08:37.796 [RMI TCP Connection(2)-127.0.0.1] o.s.b.a.SpringApplicationAdminMXBeanRegistrar$SpringApplicationAdmin - Application shutdown requested.
[INFO ] 2020-04-14 14:08:37.798 [RMI TCP Connection(2)-127.0.0.1] o.s.s.c.ThreadPoolTaskExecutor - Shutting down ExecutorService 'applicationTaskExecutor'
