[INFO ] 2020-04-17 11:14:30.984 [main] c.c.r.ReportqueryCsp1Application - Starting ReportqueryCsp1Application on DESKTOP-11AKJED with PID 17960 (D:\eclipse\workspace\reportquery_csp-1\target\classes started by 奥特虾不会写代码 in D:\eclipse\workspace\reportquery_csp-1)
[INFO ] 2020-04-17 11:14:30.988 [main] c.c.r.ReportqueryCsp1Application - No active profile set, falling back to default profiles: default
[INFO ] 2020-04-17 11:14:31.839 [main] o.s.b.w.e.tomcat.TomcatWebServer - Tomcat initialized with port(s): 8821 (http)
[INFO ] 2020-04-17 11:14:31.846 [main] o.a.coyote.http11.Http11NioProtocol - Initializing ProtocolHandler ["http-nio-8821"]
[INFO ] 2020-04-17 11:14:31.847 [main] o.a.catalina.core.StandardService - Starting service [Tomcat]
[INFO ] 2020-04-17 11:14:31.849 [main] o.a.catalina.core.StandardEngine - Starting Servlet engine: [Apache Tomcat/9.0.33]
[INFO ] 2020-04-17 11:14:31.918 [main] o.a.c.c.C.[Tomcat].[localhost].[/] - Initializing Spring embedded WebApplicationContext
[INFO ] 2020-04-17 11:14:31.918 [main] o.s.web.context.ContextLoader - Root WebApplicationContext: initialization completed in 882 ms
[INFO ] 2020-04-17 11:14:32.322 [main] o.s.s.c.ThreadPoolTaskExecutor - Initializing ExecutorService 'applicationTaskExecutor'
[INFO ] 2020-04-17 11:14:32.467 [main] o.a.coyote.http11.Http11NioProtocol - Starting ProtocolHandler ["http-nio-8821"]
[INFO ] 2020-04-17 11:14:32.486 [main] o.s.b.w.e.tomcat.TomcatWebServer - Tomcat started on port(s): 8821 (http) with context path ''
[INFO ] 2020-04-17 11:14:32.489 [main] c.c.r.ReportqueryCsp1Application - Started ReportqueryCsp1Application in 1.982 seconds (JVM running for 3.188)
[INFO ] 2020-04-17 11:14:55.052 [http-nio-8821-exec-2] o.a.c.c.C.[Tomcat].[localhost].[/] - Initializing Spring DispatcherServlet 'dispatcherServlet'
[INFO ] 2020-04-17 11:14:55.052 [http-nio-8821-exec-2] o.s.web.servlet.DispatcherServlet - Initializing Servlet 'dispatcherServlet'
[INFO ] 2020-04-17 11:14:55.057 [http-nio-8821-exec-2] o.s.web.servlet.DispatcherServlet - Completed initialization in 4 ms
[INFO ] 2020-04-17 11:16:14.642 [http-nio-8821-exec-1] com.zaxxer.hikari.HikariDataSource - HikariPool-1 - Starting...
[INFO ] 2020-04-17 11:16:16.019 [http-nio-8821-exec-1] com.zaxxer.hikari.HikariDataSource - HikariPool-1 - Start completed.
[INFO ] 2020-04-17 11:39:38.958 [main] c.c.r.ReportqueryCsp1Application - Starting ReportqueryCsp1Application on DESKTOP-11AKJED with PID 4712 (D:\eclipse\workspace\reportquery_csp-1\target\classes started by 奥特虾不会写代码 in D:\eclipse\workspace\reportquery_csp-1)
[INFO ] 2020-04-17 11:39:38.961 [main] c.c.r.ReportqueryCsp1Application - No active profile set, falling back to default profiles: default
[INFO ] 2020-04-17 11:39:39.873 [main] o.s.b.w.e.tomcat.TomcatWebServer - Tomcat initialized with port(s): 8821 (http)
[INFO ] 2020-04-17 11:39:39.880 [main] o.a.coyote.http11.Http11NioProtocol - Initializing ProtocolHandler ["http-nio-8821"]
[INFO ] 2020-04-17 11:39:39.881 [main] o.a.catalina.core.StandardService - Starting service [Tomcat]
[INFO ] 2020-04-17 11:39:39.881 [main] o.a.catalina.core.StandardEngine - Starting Servlet engine: [Apache Tomcat/9.0.33]
[INFO ] 2020-04-17 11:39:39.959 [main] o.a.c.c.C.[Tomcat].[localhost].[/] - Initializing Spring embedded WebApplicationContext
[INFO ] 2020-04-17 11:39:39.959 [main] o.s.web.context.ContextLoader - Root WebApplicationContext: initialization completed in 963 ms
[INFO ] 2020-04-17 11:39:40.290 [main] o.a.catalina.core.StandardService - Stopping service [Tomcat]
[INFO ] 2020-04-17 11:39:40.300 [main] o.s.b.a.l.ConditionEvaluationReportLoggingListener - 

Error starting ApplicationContext. To display the conditions report re-run your application with 'debug' enabled.
[INFO ] 2020-04-17 11:42:37.219 [main] c.c.r.ReportqueryCsp1Application - Starting ReportqueryCsp1Application on DESKTOP-11AKJED with PID 9220 (D:\eclipse\workspace\reportquery_csp-1\target\classes started by 奥特虾不会写代码 in D:\eclipse\workspace\reportquery_csp-1)
[INFO ] 2020-04-17 11:42:37.223 [main] c.c.r.ReportqueryCsp1Application - No active profile set, falling back to default profiles: default
[INFO ] 2020-04-17 11:42:38.014 [main] o.s.b.w.e.tomcat.TomcatWebServer - Tomcat initialized with port(s): 8821 (http)
[INFO ] 2020-04-17 11:42:38.021 [main] o.a.coyote.http11.Http11NioProtocol - Initializing ProtocolHandler ["http-nio-8821"]
[INFO ] 2020-04-17 11:42:38.022 [main] o.a.catalina.core.StandardService - Starting service [Tomcat]
[INFO ] 2020-04-17 11:42:38.022 [main] o.a.catalina.core.StandardEngine - Starting Servlet engine: [Apache Tomcat/9.0.33]
[INFO ] 2020-04-17 11:42:38.101 [main] o.a.c.c.C.[Tomcat].[localhost].[/] - Initializing Spring embedded WebApplicationContext
[INFO ] 2020-04-17 11:42:38.101 [main] o.s.web.context.ContextLoader - Root WebApplicationContext: initialization completed in 841 ms
[INFO ] 2020-04-17 11:42:38.551 [main] o.s.s.c.ThreadPoolTaskExecutor - Initializing ExecutorService 'applicationTaskExecutor'
[INFO ] 2020-04-17 11:42:38.710 [main] o.a.coyote.http11.Http11NioProtocol - Starting ProtocolHandler ["http-nio-8821"]
[INFO ] 2020-04-17 11:42:38.721 [main] o.a.coyote.http11.Http11NioProtocol - Pausing ProtocolHandler ["http-nio-8821"]
[INFO ] 2020-04-17 11:42:38.721 [main] o.a.catalina.core.StandardService - Stopping service [Tomcat]
[INFO ] 2020-04-17 11:42:38.725 [main] o.a.coyote.http11.Http11NioProtocol - Stopping ProtocolHandler ["http-nio-8821"]
[INFO ] 2020-04-17 11:42:38.726 [main] o.a.coyote.http11.Http11NioProtocol - Destroying ProtocolHandler ["http-nio-8821"]
[INFO ] 2020-04-17 11:42:38.727 [main] o.s.b.a.l.ConditionEvaluationReportLoggingListener - 

Error starting ApplicationContext. To display the conditions report re-run your application with 'debug' enabled.
[INFO ] 2020-04-17 11:42:38.736 [main] o.s.s.c.ThreadPoolTaskExecutor - Shutting down ExecutorService 'applicationTaskExecutor'
[INFO ] 2020-04-17 11:42:56.530 [RMI TCP Connection(6)-127.0.0.1] o.s.b.a.SpringApplicationAdminMXBeanRegistrar$SpringApplicationAdmin - Application shutdown requested.
[INFO ] 2020-04-17 11:42:56.533 [RMI TCP Connection(6)-127.0.0.1] o.s.s.c.ThreadPoolTaskExecutor - Shutting down ExecutorService 'applicationTaskExecutor'
[INFO ] 2020-04-17 11:42:56.534 [RMI TCP Connection(6)-127.0.0.1] com.zaxxer.hikari.HikariDataSource - HikariPool-1 - Shutdown initiated...
[INFO ] 2020-04-17 11:42:56.559 [RMI TCP Connection(6)-127.0.0.1] com.zaxxer.hikari.HikariDataSource - HikariPool-1 - Shutdown completed.
[INFO ] 2020-04-17 11:43:11.863 [main] c.c.r.ReportqueryCsp1Application - Starting ReportqueryCsp1Application on DESKTOP-11AKJED with PID 2228 (D:\eclipse\workspace\reportquery_csp-1\target\classes started by 奥特虾不会写代码 in D:\eclipse\workspace\reportquery_csp-1)
[INFO ] 2020-04-17 11:43:11.867 [main] c.c.r.ReportqueryCsp1Application - No active profile set, falling back to default profiles: default
[INFO ] 2020-04-17 11:43:12.702 [main] o.s.b.w.e.tomcat.TomcatWebServer - Tomcat initialized with port(s): 8821 (http)
[INFO ] 2020-04-17 11:43:12.709 [main] o.a.coyote.http11.Http11NioProtocol - Initializing ProtocolHandler ["http-nio-8821"]
[INFO ] 2020-04-17 11:43:12.709 [main] o.a.catalina.core.StandardService - Starting service [Tomcat]
[INFO ] 2020-04-17 11:43:12.710 [main] o.a.catalina.core.StandardEngine - Starting Servlet engine: [Apache Tomcat/9.0.33]
[INFO ] 2020-04-17 11:43:12.790 [main] o.a.c.c.C.[Tomcat].[localhost].[/] - Initializing Spring embedded WebApplicationContext
[INFO ] 2020-04-17 11:43:12.790 [main] o.s.web.context.ContextLoader - Root WebApplicationContext: initialization completed in 879 ms
[INFO ] 2020-04-17 11:43:13.255 [main] o.s.s.c.ThreadPoolTaskExecutor - Initializing ExecutorService 'applicationTaskExecutor'
[INFO ] 2020-04-17 11:43:13.410 [main] o.a.coyote.http11.Http11NioProtocol - Starting ProtocolHandler ["http-nio-8821"]
[INFO ] 2020-04-17 11:43:13.432 [main] o.s.b.w.e.tomcat.TomcatWebServer - Tomcat started on port(s): 8821 (http) with context path ''
[INFO ] 2020-04-17 11:43:13.435 [main] c.c.r.ReportqueryCsp1Application - Started ReportqueryCsp1Application in 2.048 seconds (JVM running for 3.276)
[INFO ] 2020-04-17 11:43:16.826 [http-nio-8821-exec-1] o.a.c.c.C.[Tomcat].[localhost].[/] - Initializing Spring DispatcherServlet 'dispatcherServlet'
[INFO ] 2020-04-17 11:43:16.826 [http-nio-8821-exec-1] o.s.web.servlet.DispatcherServlet - Initializing Servlet 'dispatcherServlet'
[INFO ] 2020-04-17 11:43:16.830 [http-nio-8821-exec-1] o.s.web.servlet.DispatcherServlet - Completed initialization in 4 ms
[INFO ] 2020-04-17 11:43:17.197 [http-nio-8821-exec-10] com.zaxxer.hikari.HikariDataSource - HikariPool-1 - Starting...
[INFO ] 2020-04-17 11:43:18.461 [http-nio-8821-exec-10] com.zaxxer.hikari.HikariDataSource - HikariPool-1 - Start completed.
[INFO ] 2020-04-17 11:44:27.018 [RMI TCP Connection(12)-127.0.0.1] o.s.b.a.SpringApplicationAdminMXBeanRegistrar$SpringApplicationAdmin - Application shutdown requested.
[INFO ] 2020-04-17 11:44:27.021 [RMI TCP Connection(12)-127.0.0.1] o.s.s.c.ThreadPoolTaskExecutor - Shutting down ExecutorService 'applicationTaskExecutor'
[INFO ] 2020-04-17 11:44:27.021 [RMI TCP Connection(12)-127.0.0.1] com.zaxxer.hikari.HikariDataSource - HikariPool-1 - Shutdown initiated...
[INFO ] 2020-04-17 11:44:27.049 [RMI TCP Connection(12)-127.0.0.1] com.zaxxer.hikari.HikariDataSource - HikariPool-1 - Shutdown completed.
[INFO ] 2020-04-17 11:44:37.264 [main] c.c.r.ReportqueryCsp1Application - Starting ReportqueryCsp1Application on DESKTOP-11AKJED with PID 6928 (D:\eclipse\workspace\reportquery_csp-1\target\classes started by 奥特虾不会写代码 in D:\eclipse\workspace\reportquery_csp-1)
[INFO ] 2020-04-17 11:44:37.267 [main] c.c.r.ReportqueryCsp1Application - No active profile set, falling back to default profiles: default
[INFO ] 2020-04-17 11:44:38.189 [main] o.s.b.w.e.tomcat.TomcatWebServer - Tomcat initialized with port(s): 8821 (http)
[INFO ] 2020-04-17 11:44:38.196 [main] o.a.coyote.http11.Http11NioProtocol - Initializing ProtocolHandler ["http-nio-8821"]
[INFO ] 2020-04-17 11:44:38.197 [main] o.a.catalina.core.StandardService - Starting service [Tomcat]
[INFO ] 2020-04-17 11:44:38.197 [main] o.a.catalina.core.StandardEngine - Starting Servlet engine: [Apache Tomcat/9.0.33]
[INFO ] 2020-04-17 11:44:38.270 [main] o.a.c.c.C.[Tomcat].[localhost].[/] - Initializing Spring embedded WebApplicationContext
[INFO ] 2020-04-17 11:44:38.270 [main] o.s.web.context.ContextLoader - Root WebApplicationContext: initialization completed in 965 ms
[INFO ] 2020-04-17 11:44:38.727 [main] o.s.s.c.ThreadPoolTaskExecutor - Initializing ExecutorService 'applicationTaskExecutor'
[INFO ] 2020-04-17 11:44:38.891 [main] o.a.coyote.http11.Http11NioProtocol - Starting ProtocolHandler ["http-nio-8821"]
[INFO ] 2020-04-17 11:44:38.913 [main] o.s.b.w.e.tomcat.TomcatWebServer - Tomcat started on port(s): 8821 (http) with context path ''
[INFO ] 2020-04-17 11:44:38.919 [main] c.c.r.ReportqueryCsp1Application - Started ReportqueryCsp1Application in 2.154 seconds (JVM running for 3.415)
[INFO ] 2020-04-17 11:44:49.141 [http-nio-8821-exec-1] o.a.c.c.C.[Tomcat].[localhost].[/] - Initializing Spring DispatcherServlet 'dispatcherServlet'
[INFO ] 2020-04-17 11:44:49.141 [http-nio-8821-exec-1] o.s.web.servlet.DispatcherServlet - Initializing Servlet 'dispatcherServlet'
[INFO ] 2020-04-17 11:44:49.148 [http-nio-8821-exec-1] o.s.web.servlet.DispatcherServlet - Completed initialization in 7 ms
[INFO ] 2020-04-17 11:44:49.545 [http-nio-8821-exec-2] com.zaxxer.hikari.HikariDataSource - HikariPool-1 - Starting...
[INFO ] 2020-04-17 11:44:50.747 [http-nio-8821-exec-2] com.zaxxer.hikari.HikariDataSource - HikariPool-1 - Start completed.
[INFO ] 2020-04-17 11:46:15.628 [RMI TCP Connection(13)-127.0.0.1] o.s.b.a.SpringApplicationAdminMXBeanRegistrar$SpringApplicationAdmin - Application shutdown requested.
[INFO ] 2020-04-17 11:46:15.631 [RMI TCP Connection(13)-127.0.0.1] o.s.s.c.ThreadPoolTaskExecutor - Shutting down ExecutorService 'applicationTaskExecutor'
[INFO ] 2020-04-17 11:46:15.632 [RMI TCP Connection(13)-127.0.0.1] com.zaxxer.hikari.HikariDataSource - HikariPool-1 - Shutdown initiated...
[INFO ] 2020-04-17 11:46:15.655 [RMI TCP Connection(13)-127.0.0.1] com.zaxxer.hikari.HikariDataSource - HikariPool-1 - Shutdown completed.
[INFO ] 2020-04-17 11:46:23.389 [main] c.c.r.ReportqueryCsp1Application - Starting ReportqueryCsp1Application on DESKTOP-11AKJED with PID 17476 (D:\eclipse\workspace\reportquery_csp-1\target\classes started by 奥特虾不会写代码 in D:\eclipse\workspace\reportquery_csp-1)
[INFO ] 2020-04-17 11:46:23.394 [main] c.c.r.ReportqueryCsp1Application - No active profile set, falling back to default profiles: default
[INFO ] 2020-04-17 11:46:24.345 [main] o.s.b.w.e.tomcat.TomcatWebServer - Tomcat initialized with port(s): 8821 (http)
[INFO ] 2020-04-17 11:46:24.352 [main] o.a.coyote.http11.Http11NioProtocol - Initializing ProtocolHandler ["http-nio-8821"]
[INFO ] 2020-04-17 11:46:24.353 [main] o.a.catalina.core.StandardService - Starting service [Tomcat]
[INFO ] 2020-04-17 11:46:24.353 [main] o.a.catalina.core.StandardEngine - Starting Servlet engine: [Apache Tomcat/9.0.33]
[INFO ] 2020-04-17 11:46:24.433 [main] o.a.c.c.C.[Tomcat].[localhost].[/] - Initializing Spring embedded WebApplicationContext
[INFO ] 2020-04-17 11:46:24.434 [main] o.s.web.context.ContextLoader - Root WebApplicationContext: initialization completed in 1003 ms
[INFO ] 2020-04-17 11:46:24.906 [main] o.s.s.c.ThreadPoolTaskExecutor - Initializing ExecutorService 'applicationTaskExecutor'
[INFO ] 2020-04-17 11:46:25.090 [main] o.a.coyote.http11.Http11NioProtocol - Starting ProtocolHandler ["http-nio-8821"]
[INFO ] 2020-04-17 11:46:25.112 [main] o.s.b.w.e.tomcat.TomcatWebServer - Tomcat started on port(s): 8821 (http) with context path ''
[INFO ] 2020-04-17 11:46:25.116 [main] c.c.r.ReportqueryCsp1Application - Started ReportqueryCsp1Application in 2.184 seconds (JVM running for 3.495)
[INFO ] 2020-04-17 11:46:28.830 [RMI TCP Connection(8)-127.0.0.1] o.s.b.a.SpringApplicationAdminMXBeanRegistrar$SpringApplicationAdmin - Application shutdown requested.
[INFO ] 2020-04-17 11:46:28.832 [RMI TCP Connection(8)-127.0.0.1] o.s.s.c.ThreadPoolTaskExecutor - Shutting down ExecutorService 'applicationTaskExecutor'
[INFO ] 2020-04-17 11:46:38.583 [main] c.c.r.ReportqueryCsp1Application - Starting ReportqueryCsp1Application on DESKTOP-11AKJED with PID 6124 (D:\eclipse\workspace\reportquery_csp-1\target\classes started by 奥特虾不会写代码 in D:\eclipse\workspace\reportquery_csp-1)
[INFO ] 2020-04-17 11:46:38.587 [main] c.c.r.ReportqueryCsp1Application - No active profile set, falling back to default profiles: default
[INFO ] 2020-04-17 11:46:39.469 [main] o.s.b.w.e.tomcat.TomcatWebServer - Tomcat initialized with port(s): 8821 (http)
[INFO ] 2020-04-17 11:46:39.476 [main] o.a.coyote.http11.Http11NioProtocol - Initializing ProtocolHandler ["http-nio-8821"]
[INFO ] 2020-04-17 11:46:39.477 [main] o.a.catalina.core.StandardService - Starting service [Tomcat]
[INFO ] 2020-04-17 11:46:39.477 [main] o.a.catalina.core.StandardEngine - Starting Servlet engine: [Apache Tomcat/9.0.33]
[INFO ] 2020-04-17 11:46:39.548 [main] o.a.c.c.C.[Tomcat].[localhost].[/] - Initializing Spring embedded WebApplicationContext
[INFO ] 2020-04-17 11:46:39.548 [main] o.s.web.context.ContextLoader - Root WebApplicationContext: initialization completed in 917 ms
[INFO ] 2020-04-17 11:46:40.043 [main] o.s.s.c.ThreadPoolTaskExecutor - Initializing ExecutorService 'applicationTaskExecutor'
[INFO ] 2020-04-17 11:46:40.203 [main] o.a.coyote.http11.Http11NioProtocol - Starting ProtocolHandler ["http-nio-8821"]
[INFO ] 2020-04-17 11:46:40.225 [main] o.s.b.w.e.tomcat.TomcatWebServer - Tomcat started on port(s): 8821 (http) with context path ''
[INFO ] 2020-04-17 11:46:40.232 [main] c.c.r.ReportqueryCsp1Application - Started ReportqueryCsp1Application in 2.093 seconds (JVM running for 3.387)
[INFO ] 2020-04-17 11:46:43.564 [http-nio-8821-exec-1] o.a.c.c.C.[Tomcat].[localhost].[/] - Initializing Spring DispatcherServlet 'dispatcherServlet'
[INFO ] 2020-04-17 11:46:43.565 [http-nio-8821-exec-1] o.s.web.servlet.DispatcherServlet - Initializing Servlet 'dispatcherServlet'
[INFO ] 2020-04-17 11:46:43.569 [http-nio-8821-exec-1] o.s.web.servlet.DispatcherServlet - Completed initialization in 4 ms
[INFO ] 2020-04-17 11:46:46.664 [http-nio-8821-exec-3] com.zaxxer.hikari.HikariDataSource - HikariPool-1 - Starting...
[INFO ] 2020-04-17 11:46:56.498 [http-nio-8821-exec-3] com.zaxxer.hikari.HikariDataSource - HikariPool-1 - Start completed.
[INFO ] 2020-04-17 11:47:35.154 [RMI TCP Connection(12)-127.0.0.1] o.s.b.a.SpringApplicationAdminMXBeanRegistrar$SpringApplicationAdmin - Application shutdown requested.
[INFO ] 2020-04-17 11:47:35.157 [RMI TCP Connection(12)-127.0.0.1] o.s.s.c.ThreadPoolTaskExecutor - Shutting down ExecutorService 'applicationTaskExecutor'
[INFO ] 2020-04-17 11:47:35.157 [RMI TCP Connection(12)-127.0.0.1] com.zaxxer.hikari.HikariDataSource - HikariPool-1 - Shutdown initiated...
[INFO ] 2020-04-17 11:47:35.182 [RMI TCP Connection(12)-127.0.0.1] com.zaxxer.hikari.HikariDataSource - HikariPool-1 - Shutdown completed.
[INFO ] 2020-04-17 11:47:44.919 [main] c.c.r.ReportqueryCsp1Application - Starting ReportqueryCsp1Application on DESKTOP-11AKJED with PID 10568 (D:\eclipse\workspace\reportquery_csp-1\target\classes started by 奥特虾不会写代码 in D:\eclipse\workspace\reportquery_csp-1)
[INFO ] 2020-04-17 11:47:44.922 [main] c.c.r.ReportqueryCsp1Application - No active profile set, falling back to default profiles: default
[INFO ] 2020-04-17 11:47:45.759 [main] o.s.b.w.e.tomcat.TomcatWebServer - Tomcat initialized with port(s): 8821 (http)
[INFO ] 2020-04-17 11:47:45.767 [main] o.a.coyote.http11.Http11NioProtocol - Initializing ProtocolHandler ["http-nio-8821"]
[INFO ] 2020-04-17 11:47:45.768 [main] o.a.catalina.core.StandardService - Starting service [Tomcat]
[INFO ] 2020-04-17 11:47:45.769 [main] o.a.catalina.core.StandardEngine - Starting Servlet engine: [Apache Tomcat/9.0.33]
[INFO ] 2020-04-17 11:47:45.875 [main] o.a.c.c.C.[Tomcat].[localhost].[/] - Initializing Spring embedded WebApplicationContext
[INFO ] 2020-04-17 11:47:45.875 [main] o.s.web.context.ContextLoader - Root WebApplicationContext: initialization completed in 911 ms
[INFO ] 2020-04-17 11:47:46.353 [main] o.s.s.c.ThreadPoolTaskExecutor - Initializing ExecutorService 'applicationTaskExecutor'
[INFO ] 2020-04-17 11:47:46.514 [main] o.a.coyote.http11.Http11NioProtocol - Starting ProtocolHandler ["http-nio-8821"]
[INFO ] 2020-04-17 11:47:46.539 [main] o.s.b.w.e.tomcat.TomcatWebServer - Tomcat started on port(s): 8821 (http) with context path ''
[INFO ] 2020-04-17 11:47:46.542 [main] c.c.r.ReportqueryCsp1Application - Started ReportqueryCsp1Application in 2.054 seconds (JVM running for 3.352)
[INFO ] 2020-04-17 11:47:54.688 [http-nio-8821-exec-1] o.a.c.c.C.[Tomcat].[localhost].[/] - Initializing Spring DispatcherServlet 'dispatcherServlet'
[INFO ] 2020-04-17 11:47:54.688 [http-nio-8821-exec-1] o.s.web.servlet.DispatcherServlet - Initializing Servlet 'dispatcherServlet'
[INFO ] 2020-04-17 11:47:54.692 [http-nio-8821-exec-1] o.s.web.servlet.DispatcherServlet - Completed initialization in 4 ms
[INFO ] 2020-04-17 11:47:58.244 [http-nio-8821-exec-3] com.zaxxer.hikari.HikariDataSource - HikariPool-1 - Starting...
[INFO ] 2020-04-17 11:48:08.004 [http-nio-8821-exec-3] com.zaxxer.hikari.HikariDataSource - HikariPool-1 - Start completed.
[INFO ] 2020-04-17 13:12:13.917 [RMI TCP Connection(96)-127.0.0.1] o.s.b.a.SpringApplicationAdminMXBeanRegistrar$SpringApplicationAdmin - Application shutdown requested.
[INFO ] 2020-04-17 13:12:13.930 [RMI TCP Connection(96)-127.0.0.1] o.s.s.c.ThreadPoolTaskExecutor - Shutting down ExecutorService 'applicationTaskExecutor'
[INFO ] 2020-04-17 13:12:13.932 [RMI TCP Connection(96)-127.0.0.1] com.zaxxer.hikari.HikariDataSource - HikariPool-1 - Shutdown initiated...
[INFO ] 2020-04-17 13:12:13.952 [RMI TCP Connection(96)-127.0.0.1] com.zaxxer.hikari.HikariDataSource - HikariPool-1 - Shutdown completed.
[INFO ] 2020-04-17 13:21:55.533 [main] c.c.r.ReportqueryCsp1Application - Starting ReportqueryCsp1Application on DESKTOP-11AKJED with PID 12120 (D:\eclipse\workspace\reportquery_csp-1\target\classes started by 奥特虾不会写代码 in D:\eclipse\workspace\reportquery_csp-1)
[INFO ] 2020-04-17 13:21:55.537 [main] c.c.r.ReportqueryCsp1Application - No active profile set, falling back to default profiles: default
[INFO ] 2020-04-17 13:21:56.478 [main] o.s.b.w.e.tomcat.TomcatWebServer - Tomcat initialized with port(s): 8821 (http)
[INFO ] 2020-04-17 13:21:56.485 [main] o.a.coyote.http11.Http11NioProtocol - Initializing ProtocolHandler ["http-nio-8821"]
[INFO ] 2020-04-17 13:21:56.485 [main] o.a.catalina.core.StandardService - Starting service [Tomcat]
[INFO ] 2020-04-17 13:21:56.486 [main] o.a.catalina.core.StandardEngine - Starting Servlet engine: [Apache Tomcat/9.0.33]
[INFO ] 2020-04-17 13:21:56.559 [main] o.a.c.c.C.[Tomcat].[localhost].[/] - Initializing Spring embedded WebApplicationContext
[INFO ] 2020-04-17 13:21:56.559 [main] o.s.web.context.ContextLoader - Root WebApplicationContext: initialization completed in 985 ms
[INFO ] 2020-04-17 13:21:57.125 [main] o.s.s.c.ThreadPoolTaskExecutor - Initializing ExecutorService 'applicationTaskExecutor'
[INFO ] 2020-04-17 13:21:57.286 [main] o.a.coyote.http11.Http11NioProtocol - Starting ProtocolHandler ["http-nio-8821"]
[INFO ] 2020-04-17 13:21:57.311 [main] o.s.b.w.e.tomcat.TomcatWebServer - Tomcat started on port(s): 8821 (http) with context path ''
[INFO ] 2020-04-17 13:21:57.315 [main] c.c.r.ReportqueryCsp1Application - Started ReportqueryCsp1Application in 2.265 seconds (JVM running for 3.59)
[INFO ] 2020-04-17 13:22:41.144 [http-nio-8821-exec-2] o.a.c.c.C.[Tomcat].[localhost].[/] - Initializing Spring DispatcherServlet 'dispatcherServlet'
[INFO ] 2020-04-17 13:22:41.144 [http-nio-8821-exec-2] o.s.web.servlet.DispatcherServlet - Initializing Servlet 'dispatcherServlet'
[INFO ] 2020-04-17 13:22:41.151 [http-nio-8821-exec-2] o.s.web.servlet.DispatcherServlet - Completed initialization in 7 ms
[INFO ] 2020-04-17 13:22:46.822 [http-nio-8821-exec-10] com.zaxxer.hikari.HikariDataSource - HikariPool-1 - Starting...
[INFO ] 2020-04-17 13:22:57.317 [http-nio-8821-exec-10] com.zaxxer.hikari.HikariDataSource - HikariPool-1 - Start completed.
