[WARN ] 2020-04-08 07:54:17.239 [http-nio-8821-exec-10] c.z.hikari.util.DriverDataSource - Registered driver with driverClassName=oracle.jdbc.driver.OracleDriver was not found, trying direct instantiation.
[WARN ] 2020-04-08 07:57:44.891 [http-nio-8821-exec-9] c.z.hikari.util.DriverDataSource - Registered driver with driverClassName=oracle.jdbc.driver.OracleDriver was not found, trying direct instantiation.
[WARN ] 2020-04-08 08:33:47.520 [http-nio-8821-exec-2] c.z.hikari.util.DriverDataSource - Registered driver with driverClassName=oracle.jdbc.driver.OracleDriver was not found, trying direct instantiation.
[WARN ] 2020-04-08 08:41:37.974 [http-nio-8821-exec-1] o.a.catalina.connector.CoyoteAdapter - Exception while attempting to add an entry to the access log
java.lang.NullPointerException: null
	at org.apache.catalina.connector.CoyoteAdapter.log(CoyoteAdapter.java:490)
	at org.apache.coyote.http11.Http11Processor.service(Http11Processor.java:438)
	at org.apache.coyote.AbstractProcessorLight.process(AbstractProcessorLight.java:66)
	at org.apache.coyote.AbstractProtocol$ConnectionHandler.process(AbstractProtocol.java:791)
	at org.apache.tomcat.util.net.NioEndpoint$SocketProcessor.doRun(NioEndpoint.java:1417)
	at org.apache.tomcat.util.net.SocketProcessorBase.run(SocketProcessorBase.java:49)
	at java.util.concurrent.ThreadPoolExecutor.runWorker(ThreadPoolExecutor.java:1149)
	at java.util.concurrent.ThreadPoolExecutor$Worker.run(ThreadPoolExecutor.java:624)
	at org.apache.tomcat.util.threads.TaskThread$WrappingRunnable.run(TaskThread.java:61)
	at java.lang.Thread.run(Thread.java:748)
[WARN ] 2020-04-08 08:42:13.894 [http-nio-8821-exec-2] c.z.hikari.util.DriverDataSource - Registered driver with driverClassName=oracle.jdbc.driver.OracleDriver was not found, trying direct instantiation.
[WARN ] 2020-04-08 08:47:17.947 [http-nio-8821-exec-3] c.z.hikari.util.DriverDataSource - Registered driver with driverClassName=oracle.jdbc.driver.OracleDriver was not found, trying direct instantiation.
[WARN ] 2020-04-08 09:39:44.420 [http-nio-8821-exec-10] c.z.hikari.util.DriverDataSource - Registered driver with driverClassName=oracle.jdbc.driver.OracleDriver was not found, trying direct instantiation.
[WARN ] 2020-04-08 09:46:04.380 [http-nio-8821-exec-3] c.z.hikari.util.DriverDataSource - Registered driver with driverClassName=oracle.jdbc.driver.OracleDriver was not found, trying direct instantiation.
[WARN ] 2020-04-08 09:49:49.521 [http-nio-8821-exec-3] c.z.hikari.util.DriverDataSource - Registered driver with driverClassName=oracle.jdbc.driver.OracleDriver was not found, trying direct instantiation.
[WARN ] 2020-04-08 09:50:42.590 [http-nio-8821-exec-10] c.z.hikari.util.DriverDataSource - Registered driver with driverClassName=oracle.jdbc.driver.OracleDriver was not found, trying direct instantiation.
[WARN ] 2020-04-08 09:54:22.627 [http-nio-8821-exec-3] c.z.hikari.util.DriverDataSource - Registered driver with driverClassName=oracle.jdbc.driver.OracleDriver was not found, trying direct instantiation.
[WARN ] 2020-04-08 09:54:55.952 [http-nio-8821-exec-6] c.z.hikari.util.DriverDataSource - Registered driver with driverClassName=oracle.jdbc.driver.OracleDriver was not found, trying direct instantiation.
[WARN ] 2020-04-08 09:56:15.579 [http-nio-8821-exec-3] c.z.hikari.util.DriverDataSource - Registered driver with driverClassName=oracle.jdbc.driver.OracleDriver was not found, trying direct instantiation.
[WARN ] 2020-04-08 10:02:26.592 [http-nio-8821-exec-3] c.z.hikari.util.DriverDataSource - Registered driver with driverClassName=oracle.jdbc.driver.OracleDriver was not found, trying direct instantiation.
[WARN ] 2020-04-08 10:05:19.918 [http-nio-8821-exec-10] c.z.hikari.util.DriverDataSource - Registered driver with driverClassName=oracle.jdbc.driver.OracleDriver was not found, trying direct instantiation.
[WARN ] 2020-04-08 10:07:04.610 [http-nio-8821-exec-3] c.z.hikari.util.DriverDataSource - Registered driver with driverClassName=oracle.jdbc.driver.OracleDriver was not found, trying direct instantiation.
[WARN ] 2020-04-08 10:09:26.517 [http-nio-8821-exec-3] c.z.hikari.util.DriverDataSource - Registered driver with driverClassName=oracle.jdbc.driver.OracleDriver was not found, trying direct instantiation.
[WARN ] 2020-04-08 10:16:43.208 [http-nio-8821-exec-3] c.z.hikari.util.DriverDataSource - Registered driver with driverClassName=oracle.jdbc.driver.OracleDriver was not found, trying direct instantiation.
[WARN ] 2020-04-08 10:37:12.410 [http-nio-8821-exec-10] c.z.hikari.util.DriverDataSource - Registered driver with driverClassName=oracle.jdbc.driver.OracleDriver was not found, trying direct instantiation.
[WARN ] 2020-04-08 10:45:50.302 [http-nio-8821-exec-3] c.z.hikari.util.DriverDataSource - Registered driver with driverClassName=oracle.jdbc.driver.OracleDriver was not found, trying direct instantiation.
[WARN ] 2020-04-08 10:45:55.500 [http-nio-8821-exec-5] o.s.w.s.m.s.DefaultHandlerExceptionResolver - Resolved [org.springframework.web.HttpMediaTypeNotSupportedException: Content type 'application/x-www-form-urlencoded;charset=UTF-8' not supported]
[WARN ] 2020-04-08 10:45:59.229 [http-nio-8821-exec-6] o.s.w.s.m.s.DefaultHandlerExceptionResolver - Resolved [org.springframework.web.HttpMediaTypeNotSupportedException: Content type 'application/x-www-form-urlencoded;charset=UTF-8' not supported]
[WARN ] 2020-04-08 10:46:00.249 [http-nio-8821-exec-7] o.s.w.s.m.s.DefaultHandlerExceptionResolver - Resolved [org.springframework.web.HttpMediaTypeNotSupportedException: Content type 'application/x-www-form-urlencoded;charset=UTF-8' not supported]
[WARN ] 2020-04-08 10:46:00.967 [http-nio-8821-exec-8] o.s.w.s.m.s.DefaultHandlerExceptionResolver - Resolved [org.springframework.web.HttpMediaTypeNotSupportedException: Content type 'application/x-www-form-urlencoded;charset=UTF-8' not supported]
[WARN ] 2020-04-08 10:47:27.238 [http-nio-8821-exec-2] c.z.hikari.util.DriverDataSource - Registered driver with driverClassName=oracle.jdbc.driver.OracleDriver was not found, trying direct instantiation.
[WARN ] 2020-04-08 10:49:09.069 [http-nio-8821-exec-3] c.z.hikari.util.DriverDataSource - Registered driver with driverClassName=oracle.jdbc.driver.OracleDriver was not found, trying direct instantiation.
[WARN ] 2020-04-08 10:50:01.607 [http-nio-8821-exec-3] c.z.hikari.util.DriverDataSource - Registered driver with driverClassName=oracle.jdbc.driver.OracleDriver was not found, trying direct instantiation.
[WARN ] 2020-04-08 10:59:39.239 [http-nio-8821-exec-7] c.z.hikari.util.DriverDataSource - Registered driver with driverClassName=oracle.jdbc.driver.OracleDriver was not found, trying direct instantiation.
[WARN ] 2020-04-08 11:00:32.019 [http-nio-8821-exec-2] c.z.hikari.util.DriverDataSource - Registered driver with driverClassName=oracle.jdbc.driver.OracleDriver was not found, trying direct instantiation.
[WARN ] 2020-04-08 11:00:53.680 [http-nio-8821-exec-6] net.sf.json.JSONObject - Tried to assign property UNITID:java.lang.String to bean of class com.example.springboot.psl.entity.BinUnit
[WARN ] 2020-04-08 11:00:53.697 [http-nio-8821-exec-6] net.sf.json.JSONObject - Tried to assign property ODD:java.lang.Integer to bean of class com.example.springboot.psl.entity.BinUnit
[WARN ] 2020-04-08 11:01:48.274 [http-nio-8821-exec-3] c.z.hikari.util.DriverDataSource - Registered driver with driverClassName=oracle.jdbc.driver.OracleDriver was not found, trying direct instantiation.
[WARN ] 2020-04-08 11:02:00.296 [http-nio-8821-exec-6] net.sf.json.JSONObject - Tried to assign property UNITID:java.lang.String to bean of class com.example.springboot.psl.entity.BinUnit
[WARN ] 2020-04-08 11:02:00.312 [http-nio-8821-exec-6] net.sf.json.JSONObject - Tried to assign property ODD:java.lang.Integer to bean of class com.example.springboot.psl.entity.BinUnit
[WARN ] 2020-04-08 11:05:43.616 [http-nio-8821-exec-4] c.z.hikari.util.DriverDataSource - Registered driver with driverClassName=oracle.jdbc.driver.OracleDriver was not found, trying direct instantiation.
[WARN ] 2020-04-08 11:12:52.203 [http-nio-8821-exec-2] c.z.hikari.util.DriverDataSource - Registered driver with driverClassName=oracle.jdbc.driver.OracleDriver was not found, trying direct instantiation.
[WARN ] 2020-04-08 11:12:57.472 [http-nio-8821-exec-6] o.s.w.s.m.s.DefaultHandlerExceptionResolver - Resolved [org.springframework.web.HttpMediaTypeNotSupportedException: Content type 'application/x-www-form-urlencoded;charset=UTF-8' not supported]
[WARN ] 2020-04-08 11:13:38.923 [http-nio-8821-exec-3] c.z.hikari.util.DriverDataSource - Registered driver with driverClassName=oracle.jdbc.driver.OracleDriver was not found, trying direct instantiation.
[WARN ] 2020-04-08 11:13:41.867 [http-nio-8821-exec-7] o.s.w.s.m.s.DefaultHandlerExceptionResolver - Resolved [org.springframework.web.HttpMediaTypeNotSupportedException: Content type 'application/x-www-form-urlencoded;charset=UTF-8' not supported]
[WARN ] 2020-04-08 11:17:17.610 [http-nio-8821-exec-3] c.z.hikari.util.DriverDataSource - Registered driver with driverClassName=oracle.jdbc.driver.OracleDriver was not found, trying direct instantiation.
[WARN ] 2020-04-08 11:17:21.723 [http-nio-8821-exec-7] o.s.w.s.m.s.DefaultHandlerExceptionResolver - Resolved [org.springframework.web.HttpMediaTypeNotSupportedException: Content type 'application/x-www-form-urlencoded;charset=UTF-8' not supported]
[WARN ] 2020-04-08 11:19:27.009 [http-nio-8821-exec-1] o.s.w.s.m.s.DefaultHandlerExceptionResolver - Resolved [org.springframework.web.HttpMediaTypeNotSupportedException: Content type 'application/x-www-form-urlencoded;charset=UTF-8' not supported]
[WARN ] 2020-04-08 11:21:34.545 [http-nio-8821-exec-10] c.z.hikari.util.DriverDataSource - Registered driver with driverClassName=oracle.jdbc.driver.OracleDriver was not found, trying direct instantiation.
[WARN ] 2020-04-08 11:21:40.244 [http-nio-8821-exec-6] o.s.w.s.m.s.DefaultHandlerExceptionResolver - Resolved [org.springframework.web.HttpMediaTypeNotSupportedException: Content type 'application/x-www-form-urlencoded;charset=UTF-8' not supported]
[WARN ] 2020-04-08 11:23:07.612 [http-nio-8821-exec-3] o.s.w.s.m.s.DefaultHandlerExceptionResolver - Resolved [org.springframework.web.HttpMediaTypeNotSupportedException: Content type 'application/x-www-form-urlencoded;charset=UTF-8' not supported]
[WARN ] 2020-04-08 11:24:29.700 [http-nio-8821-exec-7] o.s.w.s.m.s.DefaultHandlerExceptionResolver - Resolved [org.springframework.web.HttpMediaTypeNotSupportedException: Content type 'application/x-www-form-urlencoded;charset=UTF-8' not supported]
[WARN ] 2020-04-08 11:24:37.888 [http-nio-8821-exec-3] o.s.w.s.m.s.DefaultHandlerExceptionResolver - Resolved [org.springframework.web.HttpMediaTypeNotSupportedException: Content type 'application/x-www-form-urlencoded;charset=UTF-8' not supported]
[WARN ] 2020-04-08 11:24:54.131 [http-nio-8821-exec-2] o.s.w.s.m.s.DefaultHandlerExceptionResolver - Resolved [org.springframework.web.HttpMediaTypeNotSupportedException: Content type 'application/x-www-form-urlencoded;charset=UTF-8' not supported]
[WARN ] 2020-04-08 11:31:07.580 [http-nio-8821-exec-3] c.z.hikari.util.DriverDataSource - Registered driver with driverClassName=oracle.jdbc.driver.OracleDriver was not found, trying direct instantiation.
[WARN ] 2020-04-08 13:02:35.290 [http-nio-8821-exec-1] net.sf.json.JSONObject - Tried to assign property UNITID:java.lang.String to bean of class com.example.springboot.psl.entity.BinUnit
[WARN ] 2020-04-08 13:02:35.321 [http-nio-8821-exec-1] net.sf.json.JSONObject - Tried to assign property ODD:java.lang.Integer to bean of class com.example.springboot.psl.entity.BinUnit
[WARN ] 2020-04-08 13:02:37.775 [http-nio-8821-exec-2] net.sf.json.JSONObject - Tried to assign property UNITID:java.lang.String to bean of class com.example.springboot.psl.entity.BinUnit
[WARN ] 2020-04-08 13:02:37.776 [http-nio-8821-exec-2] net.sf.json.JSONObject - Tried to assign property ODD:java.lang.Integer to bean of class com.example.springboot.psl.entity.BinUnit
[WARN ] 2020-04-08 13:04:41.181 [http-nio-8821-exec-6] net.sf.json.JSONObject - Tried to assign property UNITID:java.lang.String to bean of class com.example.springboot.psl.entity.BinUnit
[WARN ] 2020-04-08 13:04:41.189 [http-nio-8821-exec-6] net.sf.json.JSONObject - Tried to assign property ODD:java.lang.Integer to bean of class com.example.springboot.psl.entity.BinUnit
[WARN ] 2020-04-08 13:04:45.199 [http-nio-8821-exec-6] c.z.hikari.util.DriverDataSource - Registered driver with driverClassName=oracle.jdbc.driver.OracleDriver was not found, trying direct instantiation.
[WARN ] 2020-04-08 13:08:09.470 [http-nio-8821-exec-3] c.z.hikari.util.DriverDataSource - Registered driver with driverClassName=oracle.jdbc.driver.OracleDriver was not found, trying direct instantiation.
[WARN ] 2020-04-08 13:14:05.275 [http-nio-8821-exec-3] c.z.hikari.util.DriverDataSource - Registered driver with driverClassName=oracle.jdbc.driver.OracleDriver was not found, trying direct instantiation.
[WARN ] 2020-04-08 13:22:17.531 [http-nio-8821-exec-5] c.z.hikari.util.DriverDataSource - Registered driver with driverClassName=oracle.jdbc.driver.OracleDriver was not found, trying direct instantiation.
[WARN ] 2020-04-08 13:29:23.967 [restartedMain] o.s.b.w.s.c.AnnotationConfigServletWebServerApplicationContext - Exception encountered during context initialization - cancelling refresh attempt: org.springframework.beans.factory.BeanCreationException: Error creating bean with name 'requestMappingHandlerMapping' defined in class path resource [org/springframework/boot/autoconfigure/web/servlet/WebMvcAutoConfiguration$EnableWebMvcConfiguration.class]: Invocation of init method failed; nested exception is java.lang.IllegalStateException: Ambiguous mapping. Cannot map 'binUnitDetailController' method 
public java.lang.String com.example.springboot.psl.controller.BinUnitDetailController.unitDateil()
to { /detail/unitDateil}: There is already 'binUnitDetailController' bean method
public java.util.Map<java.lang.String, java.lang.Object> com.example.springboot.psl.controller.BinUnitDetailController.unitDateil(com.example.springboot.psl.entity.BinUnit) mapped.
[WARN ] 2020-04-08 13:30:24.736 [http-nio-8821-exec-4] c.z.hikari.util.DriverDataSource - Registered driver with driverClassName=oracle.jdbc.driver.OracleDriver was not found, trying direct instantiation.
[WARN ] 2020-04-08 13:51:36.875 [http-nio-8821-exec-10] c.z.hikari.util.DriverDataSource - Registered driver with driverClassName=oracle.jdbc.driver.OracleDriver was not found, trying direct instantiation.
[WARN ] 2020-04-08 13:55:15.635 [http-nio-8821-exec-3] c.z.hikari.util.DriverDataSource - Registered driver with driverClassName=oracle.jdbc.driver.OracleDriver was not found, trying direct instantiation.
[WARN ] 2020-04-08 13:56:56.256 [http-nio-8821-exec-3] c.z.hikari.util.DriverDataSource - Registered driver with driverClassName=oracle.jdbc.driver.OracleDriver was not found, trying direct instantiation.
[WARN ] 2020-04-08 13:57:22.187 [http-nio-8821-exec-3] c.z.hikari.util.DriverDataSource - Registered driver with driverClassName=oracle.jdbc.driver.OracleDriver was not found, trying direct instantiation.
[WARN ] 2020-04-08 13:58:01.276 [http-nio-8821-exec-3] c.z.hikari.util.DriverDataSource - Registered driver with driverClassName=oracle.jdbc.driver.OracleDriver was not found, trying direct instantiation.
[WARN ] 2020-04-08 14:02:20.088 [http-nio-8821-exec-3] c.z.hikari.util.DriverDataSource - Registered driver with driverClassName=oracle.jdbc.driver.OracleDriver was not found, trying direct instantiation.
[WARN ] 2020-04-08 14:08:14.502 [http-nio-8821-exec-1] c.z.hikari.util.DriverDataSource - Registered driver with driverClassName=oracle.jdbc.driver.OracleDriver was not found, trying direct instantiation.
[WARN ] 2020-04-08 14:17:14.716 [http-nio-8821-exec-3] c.z.hikari.util.DriverDataSource - Registered driver with driverClassName=oracle.jdbc.driver.OracleDriver was not found, trying direct instantiation.
[WARN ] 2020-04-08 14:37:19.103 [http-nio-8821-exec-10] c.z.hikari.util.DriverDataSource - Registered driver with driverClassName=oracle.jdbc.driver.OracleDriver was not found, trying direct instantiation.
[WARN ] 2020-04-08 14:40:01.147 [http-nio-8821-exec-3] c.z.hikari.util.DriverDataSource - Registered driver with driverClassName=oracle.jdbc.driver.OracleDriver was not found, trying direct instantiation.
[WARN ] 2020-04-08 14:43:33.400 [http-nio-8821-exec-5] o.a.catalina.connector.CoyoteAdapter - Exception while attempting to add an entry to the access log
java.lang.NullPointerException: null
	at org.apache.catalina.connector.CoyoteAdapter.log(CoyoteAdapter.java:490)
	at org.apache.coyote.http11.Http11Processor.service(Http11Processor.java:438)
	at org.apache.coyote.AbstractProcessorLight.process(AbstractProcessorLight.java:66)
	at org.apache.coyote.AbstractProtocol$ConnectionHandler.process(AbstractProtocol.java:791)
	at org.apache.tomcat.util.net.NioEndpoint$SocketProcessor.doRun(NioEndpoint.java:1417)
	at org.apache.tomcat.util.net.SocketProcessorBase.run(SocketProcessorBase.java:49)
	at java.util.concurrent.ThreadPoolExecutor.runWorker(ThreadPoolExecutor.java:1149)
	at java.util.concurrent.ThreadPoolExecutor$Worker.run(ThreadPoolExecutor.java:624)
	at org.apache.tomcat.util.threads.TaskThread$WrappingRunnable.run(TaskThread.java:61)
	at java.lang.Thread.run(Thread.java:748)
[WARN ] 2020-04-08 14:43:34.023 [http-nio-8821-exec-3] c.z.hikari.util.DriverDataSource - Registered driver with driverClassName=oracle.jdbc.driver.OracleDriver was not found, trying direct instantiation.
[WARN ] 2020-04-08 14:45:59.579 [restartedMain] o.s.b.w.s.c.AnnotationConfigServletWebServerApplicationContext - Exception encountered during context initialization - cancelling refresh attempt: org.springframework.beans.factory.UnsatisfiedDependencyException: Error creating bean with name 'binUnitDetailController': Unsatisfied dependency expressed through field 'binUnitService'; nested exception is org.springframework.beans.factory.BeanCreationException: Error creating bean with name 'binUnitServiceImpl': Injection of resource dependencies failed; nested exception is org.springframework.beans.factory.UnsatisfiedDependencyException: Error creating bean with name 'binUnitDao' defined in file [C:\Users\pengs\Downloads\hljzgd-springboottest2-master\springboottest2\target\classes\com\example\springboot\psl\dao\BinUnitDao.class]: Unsatisfied dependency expressed through bean property 'sqlSessionFactory'; nested exception is org.springframework.beans.factory.BeanCreationException: Error creating bean with name 'sqlSessionFactory' defined in class path resource [org/mybatis/spring/boot/autoconfigure/MybatisAutoConfiguration.class]: Bean instantiation via factory method failed; nested exception is org.springframework.beans.BeanInstantiationException: Failed to instantiate [org.apache.ibatis.session.SqlSessionFactory]: Factory method 'sqlSessionFactory' threw exception; nested exception is org.springframework.core.NestedIOException: Failed to parse mapping resource: 'file [C:\Users\pengs\Downloads\hljzgd-springboottest2-master\springboottest2\target\classes\mybatis\mapper\BinUnitMapper.xml]'; nested exception is org.apache.ibatis.builder.BuilderException: Error parsing Mapper XML. The XML location is 'file [C:\Users\pengs\Downloads\hljzgd-springboottest2-master\springboottest2\target\classes\mybatis\mapper\BinUnitMapper.xml]'. Cause: java.lang.IllegalArgumentException: Mapped Statements collection already contains value for com.example.springboot.psl.dao.BinUnitDao.queryUnitDateilCount
[WARN ] 2020-04-08 14:48:48.793 [http-nio-8821-exec-3] c.z.hikari.util.DriverDataSource - Registered driver with driverClassName=oracle.jdbc.driver.OracleDriver was not found, trying direct instantiation.
[WARN ] 2020-04-08 14:51:01.787 [http-nio-8821-exec-2] c.z.hikari.util.DriverDataSource - Registered driver with driverClassName=oracle.jdbc.driver.OracleDriver was not found, trying direct instantiation.
[WARN ] 2020-04-08 14:56:19.094 [http-nio-8821-exec-3] c.z.hikari.util.DriverDataSource - Registered driver with driverClassName=oracle.jdbc.driver.OracleDriver was not found, trying direct instantiation.
[WARN ] 2020-04-08 15:02:00.453 [http-nio-8821-exec-3] c.z.hikari.util.DriverDataSource - Registered driver with driverClassName=oracle.jdbc.driver.OracleDriver was not found, trying direct instantiation.
[WARN ] 2020-04-08 15:06:22.497 [http-nio-8821-exec-1] c.z.hikari.util.DriverDataSource - Registered driver with driverClassName=oracle.jdbc.driver.OracleDriver was not found, trying direct instantiation.
[WARN ] 2020-04-08 15:12:34.713 [http-nio-8821-exec-3] c.z.hikari.util.DriverDataSource - Registered driver with driverClassName=oracle.jdbc.driver.OracleDriver was not found, trying direct instantiation.
[WARN ] 2020-04-08 15:43:31.696 [http-nio-8821-exec-3] c.z.hikari.util.DriverDataSource - Registered driver with driverClassName=oracle.jdbc.driver.OracleDriver was not found, trying direct instantiation.
[WARN ] 2020-04-08 15:50:44.660 [http-nio-8821-exec-3] c.z.hikari.util.DriverDataSource - Registered driver with driverClassName=oracle.jdbc.driver.OracleDriver was not found, trying direct instantiation.
[WARN ] 2020-04-08 15:59:06.772 [restartedMain] o.s.b.w.s.c.AnnotationConfigServletWebServerApplicationContext - Exception encountered during context initialization - cancelling refresh attempt: org.springframework.beans.factory.BeanCreationException: Error creating bean with name 'sqlSessionFactory' defined in class path resource [org/mybatis/spring/boot/autoconfigure/MybatisAutoConfiguration.class]: Bean instantiation via factory method failed; nested exception is org.springframework.beans.BeanInstantiationException: Failed to instantiate [org.apache.ibatis.session.SqlSessionFactory]: Factory method 'sqlSessionFactory' threw exception; nested exception is org.springframework.core.NestedIOException: Failed to parse mapping resource: 'file [C:\Users\pengs\Downloads\hljzgd-springboottest2-master\springboottest2\target\classes\mybatis\mapper\BinUnitMapper.xml]'; nested exception is org.apache.ibatis.builder.BuilderException: Error parsing Mapper XML. The XML location is 'file [C:\Users\pengs\Downloads\hljzgd-springboottest2-master\springboottest2\target\classes\mybatis\mapper\BinUnitMapper.xml]'. Cause: org.apache.ibatis.builder.BuilderException: Error resolving class. Cause: org.apache.ibatis.type.TypeException: Could not resolve type alias 'com.example.springboot.psl.entity.BinUnit'.  Cause: java.lang.ClassNotFoundException: Cannot find class: com.example.springboot.psl.entity.BinUnit
[WARN ] 2020-04-08 16:59:57.549 [http-nio-8821-exec-9] c.z.hikari.util.DriverDataSource - Registered driver with driverClassName=oracle.jdbc.driver.OracleDriver was not found, trying direct instantiation.
[WARN ] 2020-04-08 17:05:47.934 [http-nio-8821-exec-10] c.z.hikari.util.DriverDataSource - Registered driver with driverClassName=oracle.jdbc.driver.OracleDriver was not found, trying direct instantiation.
[WARN ] 2020-04-08 17:10:45.043 [http-nio-8821-exec-1] c.z.hikari.util.DriverDataSource - Registered driver with driverClassName=oracle.jdbc.driver.OracleDriver was not found, trying direct instantiation.
[WARN ] 2020-04-08 17:12:18.295 [http-nio-8821-exec-1] c.z.hikari.util.DriverDataSource - Registered driver with driverClassName=oracle.jdbc.driver.OracleDriver was not found, trying direct instantiation.
[WARN ] 2020-04-08 19:52:37.861 [http-nio-8821-exec-5] c.z.hikari.util.DriverDataSource - Registered driver with driverClassName=oracle.jdbc.driver.OracleDriver was not found, trying direct instantiation.
