[INFO ] 2020-04-13 14:46:07.622 [main] com.jnbdt.DevelopmentApplication - Starting DevelopmentApplication on DESKTOP-11AKJED with PID 3400 (D:\eclipse\workspace\development\target\classes started by 奥特虾不会写代码 in D:\eclipse\workspace\development)
[INFO ] 2020-04-13 14:46:07.624 [main] com.jnbdt.DevelopmentApplication - No active profile set, falling back to default profiles: default
[INFO ] 2020-04-13 14:46:08.674 [main] o.s.b.w.e.tomcat.TomcatWebServer - Tomcat initialized with port(s): 8822 (http)
[INFO ] 2020-04-13 14:46:08.682 [main] o.a.coyote.http11.Http11NioProtocol - Initializing ProtocolHandler ["http-nio-8822"]
[INFO ] 2020-04-13 14:46:08.683 [main] o.a.catalina.core.StandardService - Starting service [Tomcat]
[INFO ] 2020-04-13 14:46:08.684 [main] o.a.catalina.core.StandardEngine - Starting Servlet engine: [Apache Tomcat/9.0.33]
[INFO ] 2020-04-13 14:46:08.776 [main] o.a.c.c.C.[Tomcat].[localhost].[/] - Initializing Spring embedded WebApplicationContext
[INFO ] 2020-04-13 14:46:08.776 [main] o.s.web.context.ContextLoader - Root WebApplicationContext: initialization completed in 1093 ms
[INFO ] 2020-04-13 14:46:08.818 [main] o.a.catalina.core.StandardService - Stopping service [Tomcat]
[INFO ] 2020-04-13 14:46:08.863 [main] o.s.b.a.l.ConditionEvaluationReportLoggingListener - 

Error starting ApplicationContext. To display the conditions report re-run your application with 'debug' enabled.
[INFO ] 2020-04-13 14:46:47.383 [main] com.jnbdt.DevelopmentApplication - Starting DevelopmentApplication on DESKTOP-11AKJED with PID 1188 (D:\eclipse\workspace\development\target\classes started by 奥特虾不会写代码 in D:\eclipse\workspace\development)
[INFO ] 2020-04-13 14:46:47.387 [main] com.jnbdt.DevelopmentApplication - No active profile set, falling back to default profiles: default
[INFO ] 2020-04-13 14:46:48.292 [main] o.s.b.w.e.tomcat.TomcatWebServer - Tomcat initialized with port(s): 8822 (http)
[INFO ] 2020-04-13 14:46:48.301 [main] o.a.coyote.http11.Http11NioProtocol - Initializing ProtocolHandler ["http-nio-8822"]
[INFO ] 2020-04-13 14:46:48.301 [main] o.a.catalina.core.StandardService - Starting service [Tomcat]
[INFO ] 2020-04-13 14:46:48.301 [main] o.a.catalina.core.StandardEngine - Starting Servlet engine: [Apache Tomcat/9.0.33]
[INFO ] 2020-04-13 14:46:48.377 [main] o.a.c.c.C.[Tomcat].[localhost].[/] - Initializing Spring embedded WebApplicationContext
[INFO ] 2020-04-13 14:46:48.377 [main] o.s.web.context.ContextLoader - Root WebApplicationContext: initialization completed in 944 ms
[INFO ] 2020-04-13 14:46:48.807 [main] o.s.s.c.ThreadPoolTaskExecutor - Initializing ExecutorService 'applicationTaskExecutor'
[INFO ] 2020-04-13 14:46:48.983 [main] o.a.coyote.http11.Http11NioProtocol - Starting ProtocolHandler ["http-nio-8822"]
[INFO ] 2020-04-13 14:46:49.013 [main] o.s.b.w.e.tomcat.TomcatWebServer - Tomcat started on port(s): 8822 (http) with context path ''
[INFO ] 2020-04-13 14:46:49.017 [main] com.jnbdt.DevelopmentApplication - Started DevelopmentApplication in 2.266 seconds (JVM running for 3.786)
[INFO ] 2020-04-13 14:50:57.731 [http-nio-8822-exec-1] o.a.c.c.C.[Tomcat].[localhost].[/] - Initializing Spring DispatcherServlet 'dispatcherServlet'
[INFO ] 2020-04-13 14:50:57.732 [http-nio-8822-exec-1] o.s.web.servlet.DispatcherServlet - Initializing Servlet 'dispatcherServlet'
[INFO ] 2020-04-13 14:50:57.739 [http-nio-8822-exec-1] o.s.web.servlet.DispatcherServlet - Completed initialization in 7 ms
[INFO ] 2020-04-13 14:53:05.264 [RMI TCP Connection(4)-127.0.0.1] o.s.b.a.SpringApplicationAdminMXBeanRegistrar$SpringApplicationAdmin - Application shutdown requested.
[INFO ] 2020-04-13 14:53:05.266 [RMI TCP Connection(4)-127.0.0.1] o.s.s.c.ThreadPoolTaskExecutor - Shutting down ExecutorService 'applicationTaskExecutor'
[INFO ] 2020-04-13 14:53:15.837 [main] com.jnbdt.DevelopmentApplication - Starting DevelopmentApplication on DESKTOP-11AKJED with PID 19404 (D:\eclipse\workspace\development\target\classes started by 奥特虾不会写代码 in D:\eclipse\workspace\development)
[INFO ] 2020-04-13 14:53:15.842 [main] com.jnbdt.DevelopmentApplication - No active profile set, falling back to default profiles: default
[INFO ] 2020-04-13 14:53:16.749 [main] o.s.b.w.e.tomcat.TomcatWebServer - Tomcat initialized with port(s): 8822 (http)
[INFO ] 2020-04-13 14:53:16.757 [main] o.a.coyote.http11.Http11NioProtocol - Initializing ProtocolHandler ["http-nio-8822"]
[INFO ] 2020-04-13 14:53:16.757 [main] o.a.catalina.core.StandardService - Starting service [Tomcat]
[INFO ] 2020-04-13 14:53:16.758 [main] o.a.catalina.core.StandardEngine - Starting Servlet engine: [Apache Tomcat/9.0.33]
[INFO ] 2020-04-13 14:53:16.840 [main] o.a.c.c.C.[Tomcat].[localhost].[/] - Initializing Spring embedded WebApplicationContext
[INFO ] 2020-04-13 14:53:16.840 [main] o.s.web.context.ContextLoader - Root WebApplicationContext: initialization completed in 938 ms
[INFO ] 2020-04-13 14:53:17.329 [main] o.s.s.c.ThreadPoolTaskExecutor - Initializing ExecutorService 'applicationTaskExecutor'
[INFO ] 2020-04-13 14:53:17.521 [main] o.a.coyote.http11.Http11NioProtocol - Starting ProtocolHandler ["http-nio-8822"]
[INFO ] 2020-04-13 14:53:17.546 [main] o.s.b.w.e.tomcat.TomcatWebServer - Tomcat started on port(s): 8822 (http) with context path ''
[INFO ] 2020-04-13 14:53:17.550 [main] com.jnbdt.DevelopmentApplication - Started DevelopmentApplication in 2.199 seconds (JVM running for 3.588)
[INFO ] 2020-04-13 14:53:23.604 [http-nio-8822-exec-1] o.a.c.c.C.[Tomcat].[localhost].[/] - Initializing Spring DispatcherServlet 'dispatcherServlet'
[INFO ] 2020-04-13 14:53:23.605 [http-nio-8822-exec-1] o.s.web.servlet.DispatcherServlet - Initializing Servlet 'dispatcherServlet'
[INFO ] 2020-04-13 14:53:23.613 [http-nio-8822-exec-1] o.s.web.servlet.DispatcherServlet - Completed initialization in 7 ms
[INFO ] 2020-04-13 15:11:04.055 [main] com.jnbdt.DevelopmentApplication - Starting DevelopmentApplication on DESKTOP-11AKJED with PID 1464 (D:\eclipse\workspace\development\target\classes started by 奥特虾不会写代码 in D:\eclipse\workspace\development)
[INFO ] 2020-04-13 15:11:04.059 [main] com.jnbdt.DevelopmentApplication - No active profile set, falling back to default profiles: default
[INFO ] 2020-04-13 15:11:04.966 [main] o.s.b.w.e.tomcat.TomcatWebServer - Tomcat initialized with port(s): 8822 (http)
[INFO ] 2020-04-13 15:11:04.974 [main] o.a.coyote.http11.Http11NioProtocol - Initializing ProtocolHandler ["http-nio-8822"]
[INFO ] 2020-04-13 15:11:04.975 [main] o.a.catalina.core.StandardService - Starting service [Tomcat]
[INFO ] 2020-04-13 15:11:04.975 [main] o.a.catalina.core.StandardEngine - Starting Servlet engine: [Apache Tomcat/9.0.33]
[INFO ] 2020-04-13 15:11:05.053 [main] o.a.c.c.C.[Tomcat].[localhost].[/] - Initializing Spring embedded WebApplicationContext
[INFO ] 2020-04-13 15:11:05.053 [main] o.s.web.context.ContextLoader - Root WebApplicationContext: initialization completed in 949 ms
[INFO ] 2020-04-13 15:11:05.511 [main] o.s.s.c.ThreadPoolTaskExecutor - Initializing ExecutorService 'applicationTaskExecutor'
[INFO ] 2020-04-13 15:11:05.670 [main] o.a.coyote.http11.Http11NioProtocol - Starting ProtocolHandler ["http-nio-8822"]
[INFO ] 2020-04-13 15:11:05.697 [main] o.s.b.w.e.tomcat.TomcatWebServer - Tomcat started on port(s): 8822 (http) with context path ''
[INFO ] 2020-04-13 15:11:05.701 [main] com.jnbdt.DevelopmentApplication - Started DevelopmentApplication in 2.111 seconds (JVM running for 3.593)
[INFO ] 2020-04-13 15:11:11.455 [http-nio-8822-exec-1] o.a.c.c.C.[Tomcat].[localhost].[/] - Initializing Spring DispatcherServlet 'dispatcherServlet'
[INFO ] 2020-04-13 15:11:11.455 [http-nio-8822-exec-1] o.s.web.servlet.DispatcherServlet - Initializing Servlet 'dispatcherServlet'
[INFO ] 2020-04-13 15:11:11.459 [http-nio-8822-exec-1] o.s.web.servlet.DispatcherServlet - Completed initialization in 4 ms
[INFO ] 2020-04-13 15:11:20.164 [http-nio-8822-exec-1] com.zaxxer.hikari.HikariDataSource - HikariPool-1 - Starting...
[INFO ] 2020-04-13 15:11:21.524 [http-nio-8822-exec-1] com.zaxxer.hikari.HikariDataSource - HikariPool-1 - Start completed.
[INFO ] 2020-04-13 15:11:41.988 [RMI TCP Connection(4)-127.0.0.1] o.s.b.a.SpringApplicationAdminMXBeanRegistrar$SpringApplicationAdmin - Application shutdown requested.
[INFO ] 2020-04-13 15:11:41.990 [RMI TCP Connection(4)-127.0.0.1] o.s.s.c.ThreadPoolTaskExecutor - Shutting down ExecutorService 'applicationTaskExecutor'
[INFO ] 2020-04-13 15:11:41.991 [RMI TCP Connection(4)-127.0.0.1] com.zaxxer.hikari.HikariDataSource - HikariPool-1 - Shutdown initiated...
[INFO ] 2020-04-13 15:11:42.014 [RMI TCP Connection(4)-127.0.0.1] com.zaxxer.hikari.HikariDataSource - HikariPool-1 - Shutdown completed.
[INFO ] 2020-04-13 15:11:54.294 [main] com.jnbdt.DevelopmentApplication - Starting DevelopmentApplication on DESKTOP-11AKJED with PID 9384 (D:\eclipse\workspace\development\target\classes started by 奥特虾不会写代码 in D:\eclipse\workspace\development)
[INFO ] 2020-04-13 15:11:54.297 [main] com.jnbdt.DevelopmentApplication - No active profile set, falling back to default profiles: default
[INFO ] 2020-04-13 15:11:55.124 [main] o.s.b.w.e.tomcat.TomcatWebServer - Tomcat initialized with port(s): 8822 (http)
[INFO ] 2020-04-13 15:11:55.131 [main] o.a.coyote.http11.Http11NioProtocol - Initializing ProtocolHandler ["http-nio-8822"]
[INFO ] 2020-04-13 15:11:55.132 [main] o.a.catalina.core.StandardService - Starting service [Tomcat]
[INFO ] 2020-04-13 15:11:55.132 [main] o.a.catalina.core.StandardEngine - Starting Servlet engine: [Apache Tomcat/9.0.33]
[INFO ] 2020-04-13 15:11:55.202 [main] o.a.c.c.C.[Tomcat].[localhost].[/] - Initializing Spring embedded WebApplicationContext
[INFO ] 2020-04-13 15:11:55.202 [main] o.s.web.context.ContextLoader - Root WebApplicationContext: initialization completed in 866 ms
[INFO ] 2020-04-13 15:11:55.641 [main] o.s.s.c.ThreadPoolTaskExecutor - Initializing ExecutorService 'applicationTaskExecutor'
[INFO ] 2020-04-13 15:11:55.798 [main] o.a.coyote.http11.Http11NioProtocol - Starting ProtocolHandler ["http-nio-8822"]
[INFO ] 2020-04-13 15:11:55.825 [main] o.s.b.w.e.tomcat.TomcatWebServer - Tomcat started on port(s): 8822 (http) with context path ''
[INFO ] 2020-04-13 15:11:55.830 [main] com.jnbdt.DevelopmentApplication - Started DevelopmentApplication in 2.016 seconds (JVM running for 3.568)
[INFO ] 2020-04-13 15:11:59.655 [http-nio-8822-exec-1] o.a.c.c.C.[Tomcat].[localhost].[/] - Initializing Spring DispatcherServlet 'dispatcherServlet'
[INFO ] 2020-04-13 15:11:59.655 [http-nio-8822-exec-1] o.s.web.servlet.DispatcherServlet - Initializing Servlet 'dispatcherServlet'
[INFO ] 2020-04-13 15:11:59.663 [http-nio-8822-exec-1] o.s.web.servlet.DispatcherServlet - Completed initialization in 7 ms
[INFO ] 2020-04-13 15:12:09.334 [http-nio-8822-exec-4] com.zaxxer.hikari.HikariDataSource - HikariPool-1 - Starting...
[INFO ] 2020-04-13 15:12:10.699 [http-nio-8822-exec-4] com.zaxxer.hikari.HikariDataSource - HikariPool-1 - Start completed.
[INFO ] 2020-04-13 15:12:48.841 [RMI TCP Connection(5)-127.0.0.1] o.s.b.a.SpringApplicationAdminMXBeanRegistrar$SpringApplicationAdmin - Application shutdown requested.
[INFO ] 2020-04-13 15:12:48.843 [RMI TCP Connection(5)-127.0.0.1] o.s.s.c.ThreadPoolTaskExecutor - Shutting down ExecutorService 'applicationTaskExecutor'
[INFO ] 2020-04-13 15:12:48.844 [RMI TCP Connection(5)-127.0.0.1] com.zaxxer.hikari.HikariDataSource - HikariPool-1 - Shutdown initiated...
[INFO ] 2020-04-13 15:12:48.865 [RMI TCP Connection(5)-127.0.0.1] com.zaxxer.hikari.HikariDataSource - HikariPool-1 - Shutdown completed.
[INFO ] 2020-04-13 15:13:02.047 [main] com.jnbdt.DevelopmentApplication - Starting DevelopmentApplication on DESKTOP-11AKJED with PID 19292 (D:\eclipse\workspace\development\target\classes started by 奥特虾不会写代码 in D:\eclipse\workspace\development)
[INFO ] 2020-04-13 15:13:02.050 [main] com.jnbdt.DevelopmentApplication - No active profile set, falling back to default profiles: default
[INFO ] 2020-04-13 15:13:02.932 [main] o.s.b.w.e.tomcat.TomcatWebServer - Tomcat initialized with port(s): 8822 (http)
[INFO ] 2020-04-13 15:13:02.940 [main] o.a.coyote.http11.Http11NioProtocol - Initializing ProtocolHandler ["http-nio-8822"]
[INFO ] 2020-04-13 15:13:02.940 [main] o.a.catalina.core.StandardService - Starting service [Tomcat]
[INFO ] 2020-04-13 15:13:02.941 [main] o.a.catalina.core.StandardEngine - Starting Servlet engine: [Apache Tomcat/9.0.33]
[INFO ] 2020-04-13 15:13:03.017 [main] o.a.c.c.C.[Tomcat].[localhost].[/] - Initializing Spring embedded WebApplicationContext
[INFO ] 2020-04-13 15:13:03.017 [main] o.s.web.context.ContextLoader - Root WebApplicationContext: initialization completed in 914 ms
[INFO ] 2020-04-13 15:13:03.469 [main] o.s.s.c.ThreadPoolTaskExecutor - Initializing ExecutorService 'applicationTaskExecutor'
[INFO ] 2020-04-13 15:13:03.658 [main] o.a.coyote.http11.Http11NioProtocol - Starting ProtocolHandler ["http-nio-8822"]
[INFO ] 2020-04-13 15:13:03.685 [main] o.s.b.w.e.tomcat.TomcatWebServer - Tomcat started on port(s): 8822 (http) with context path ''
[INFO ] 2020-04-13 15:13:03.689 [main] com.jnbdt.DevelopmentApplication - Started DevelopmentApplication in 2.134 seconds (JVM running for 3.589)
[INFO ] 2020-04-13 15:13:06.877 [http-nio-8822-exec-2] o.a.c.c.C.[Tomcat].[localhost].[/] - Initializing Spring DispatcherServlet 'dispatcherServlet'
[INFO ] 2020-04-13 15:13:06.877 [http-nio-8822-exec-2] o.s.web.servlet.DispatcherServlet - Initializing Servlet 'dispatcherServlet'
[INFO ] 2020-04-13 15:13:06.882 [http-nio-8822-exec-2] o.s.web.servlet.DispatcherServlet - Completed initialization in 5 ms
[INFO ] 2020-04-13 15:13:11.219 [http-nio-8822-exec-2] com.zaxxer.hikari.HikariDataSource - HikariPool-1 - Starting...
[INFO ] 2020-04-13 15:13:12.412 [http-nio-8822-exec-2] com.zaxxer.hikari.HikariDataSource - HikariPool-1 - Start completed.
[INFO ] 2020-04-13 15:17:16.960 [main] com.jnbdt.DevelopmentApplication - Starting DevelopmentApplication on DESKTOP-11AKJED with PID 8796 (D:\eclipse\workspace\development\target\classes started by 奥特虾不会写代码 in D:\eclipse\workspace\development)
[INFO ] 2020-04-13 15:17:16.965 [main] com.jnbdt.DevelopmentApplication - No active profile set, falling back to default profiles: default
[INFO ] 2020-04-13 15:17:17.944 [main] o.s.b.w.e.tomcat.TomcatWebServer - Tomcat initialized with port(s): 8822 (http)
[INFO ] 2020-04-13 15:17:17.952 [main] o.a.coyote.http11.Http11NioProtocol - Initializing ProtocolHandler ["http-nio-8822"]
[INFO ] 2020-04-13 15:17:17.953 [main] o.a.catalina.core.StandardService - Starting service [Tomcat]
[INFO ] 2020-04-13 15:17:17.953 [main] o.a.catalina.core.StandardEngine - Starting Servlet engine: [Apache Tomcat/9.0.33]
[INFO ] 2020-04-13 15:17:18.037 [main] o.a.c.c.C.[Tomcat].[localhost].[/] - Initializing Spring embedded WebApplicationContext
[INFO ] 2020-04-13 15:17:18.037 [main] o.s.web.context.ContextLoader - Root WebApplicationContext: initialization completed in 1022 ms
[INFO ] 2020-04-13 15:17:18.520 [main] o.s.s.c.ThreadPoolTaskExecutor - Initializing ExecutorService 'applicationTaskExecutor'
[INFO ] 2020-04-13 15:17:18.700 [main] o.a.coyote.http11.Http11NioProtocol - Starting ProtocolHandler ["http-nio-8822"]
[INFO ] 2020-04-13 15:17:18.724 [main] o.s.b.w.e.tomcat.TomcatWebServer - Tomcat started on port(s): 8822 (http) with context path ''
[INFO ] 2020-04-13 15:17:18.727 [main] com.jnbdt.DevelopmentApplication - Started DevelopmentApplication in 2.232 seconds (JVM running for 3.757)
[INFO ] 2020-04-13 15:17:28.119 [http-nio-8822-exec-2] o.a.c.c.C.[Tomcat].[localhost].[/] - Initializing Spring DispatcherServlet 'dispatcherServlet'
[INFO ] 2020-04-13 15:17:28.119 [http-nio-8822-exec-2] o.s.web.servlet.DispatcherServlet - Initializing Servlet 'dispatcherServlet'
[INFO ] 2020-04-13 15:17:28.124 [http-nio-8822-exec-2] o.s.web.servlet.DispatcherServlet - Completed initialization in 4 ms
[INFO ] 2020-04-13 15:17:30.928 [http-nio-8822-exec-2] com.zaxxer.hikari.HikariDataSource - HikariPool-1 - Starting...
[INFO ] 2020-04-13 15:17:40.944 [http-nio-8822-exec-2] com.zaxxer.hikari.HikariDataSource - HikariPool-1 - Start completed.
[INFO ] 2020-04-13 15:18:01.753 [RMI TCP Connection(3)-127.0.0.1] o.s.b.a.SpringApplicationAdminMXBeanRegistrar$SpringApplicationAdmin - Application shutdown requested.
[INFO ] 2020-04-13 15:18:01.758 [RMI TCP Connection(3)-127.0.0.1] o.s.s.c.ThreadPoolTaskExecutor - Shutting down ExecutorService 'applicationTaskExecutor'
[INFO ] 2020-04-13 15:18:01.758 [RMI TCP Connection(3)-127.0.0.1] com.zaxxer.hikari.HikariDataSource - HikariPool-1 - Shutdown initiated...
[INFO ] 2020-04-13 15:18:01.778 [RMI TCP Connection(3)-127.0.0.1] com.zaxxer.hikari.HikariDataSource - HikariPool-1 - Shutdown completed.
[INFO ] 2020-04-13 15:18:09.237 [main] com.jnbdt.DevelopmentApplication - Starting DevelopmentApplication on DESKTOP-11AKJED with PID 9440 (D:\eclipse\workspace\development\target\classes started by 奥特虾不会写代码 in D:\eclipse\workspace\development)
[INFO ] 2020-04-13 15:18:09.241 [main] com.jnbdt.DevelopmentApplication - No active profile set, falling back to default profiles: default
[INFO ] 2020-04-13 15:18:10.248 [main] o.s.b.w.e.tomcat.TomcatWebServer - Tomcat initialized with port(s): 8822 (http)
[INFO ] 2020-04-13 15:18:10.255 [main] o.a.coyote.http11.Http11NioProtocol - Initializing ProtocolHandler ["http-nio-8822"]
[INFO ] 2020-04-13 15:18:10.256 [main] o.a.catalina.core.StandardService - Starting service [Tomcat]
[INFO ] 2020-04-13 15:18:10.256 [main] o.a.catalina.core.StandardEngine - Starting Servlet engine: [Apache Tomcat/9.0.33]
[INFO ] 2020-04-13 15:18:10.334 [main] o.a.c.c.C.[Tomcat].[localhost].[/] - Initializing Spring embedded WebApplicationContext
[INFO ] 2020-04-13 15:18:10.334 [main] o.s.web.context.ContextLoader - Root WebApplicationContext: initialization completed in 1051 ms
[INFO ] 2020-04-13 15:18:10.779 [main] o.s.s.c.ThreadPoolTaskExecutor - Initializing ExecutorService 'applicationTaskExecutor'
[INFO ] 2020-04-13 15:18:10.948 [main] o.a.coyote.http11.Http11NioProtocol - Starting ProtocolHandler ["http-nio-8822"]
[INFO ] 2020-04-13 15:18:10.972 [main] o.s.b.w.e.tomcat.TomcatWebServer - Tomcat started on port(s): 8822 (http) with context path ''
[INFO ] 2020-04-13 15:18:10.977 [main] com.jnbdt.DevelopmentApplication - Started DevelopmentApplication in 2.195 seconds (JVM running for 3.66)
[INFO ] 2020-04-13 15:18:14.468 [http-nio-8822-exec-2] o.a.c.c.C.[Tomcat].[localhost].[/] - Initializing Spring DispatcherServlet 'dispatcherServlet'
[INFO ] 2020-04-13 15:18:14.468 [http-nio-8822-exec-2] o.s.web.servlet.DispatcherServlet - Initializing Servlet 'dispatcherServlet'
[INFO ] 2020-04-13 15:18:14.472 [http-nio-8822-exec-2] o.s.web.servlet.DispatcherServlet - Completed initialization in 4 ms
[INFO ] 2020-04-13 15:18:16.521 [http-nio-8822-exec-2] com.zaxxer.hikari.HikariDataSource - HikariPool-1 - Starting...
[INFO ] 2020-04-13 15:18:26.495 [http-nio-8822-exec-2] com.zaxxer.hikari.HikariDataSource - HikariPool-1 - Start completed.
[INFO ] 2020-04-13 15:19:05.151 [RMI TCP Connection(4)-127.0.0.1] o.s.b.a.SpringApplicationAdminMXBeanRegistrar$SpringApplicationAdmin - Application shutdown requested.
[INFO ] 2020-04-13 15:19:05.153 [RMI TCP Connection(4)-127.0.0.1] o.s.s.c.ThreadPoolTaskExecutor - Shutting down ExecutorService 'applicationTaskExecutor'
[INFO ] 2020-04-13 15:19:05.153 [RMI TCP Connection(4)-127.0.0.1] com.zaxxer.hikari.HikariDataSource - HikariPool-1 - Shutdown initiated...
[INFO ] 2020-04-13 15:19:05.184 [RMI TCP Connection(4)-127.0.0.1] com.zaxxer.hikari.HikariDataSource - HikariPool-1 - Shutdown completed.
[INFO ] 2020-04-13 15:25:02.529 [main] com.jnbdt.DevelopmentApplication - Starting DevelopmentApplication on DESKTOP-11AKJED with PID 14892 (D:\eclipse\workspace\development\target\classes started by 奥特虾不会写代码 in D:\eclipse\workspace\development)
[INFO ] 2020-04-13 15:25:02.533 [main] com.jnbdt.DevelopmentApplication - No active profile set, falling back to default profiles: default
[INFO ] 2020-04-13 15:25:03.475 [main] o.s.b.w.e.tomcat.TomcatWebServer - Tomcat initialized with port(s): 8822 (http)
[INFO ] 2020-04-13 15:25:03.483 [main] o.a.coyote.http11.Http11NioProtocol - Initializing ProtocolHandler ["http-nio-8822"]
[INFO ] 2020-04-13 15:25:03.484 [main] o.a.catalina.core.StandardService - Starting service [Tomcat]
[INFO ] 2020-04-13 15:25:03.484 [main] o.a.catalina.core.StandardEngine - Starting Servlet engine: [Apache Tomcat/9.0.33]
[INFO ] 2020-04-13 15:25:03.563 [main] o.a.c.c.C.[Tomcat].[localhost].[/] - Initializing Spring embedded WebApplicationContext
[INFO ] 2020-04-13 15:25:03.563 [main] o.s.web.context.ContextLoader - Root WebApplicationContext: initialization completed in 986 ms
[INFO ] 2020-04-13 15:25:04.100 [main] o.s.s.c.ThreadPoolTaskExecutor - Initializing ExecutorService 'applicationTaskExecutor'
[INFO ] 2020-04-13 15:25:04.306 [main] o.a.coyote.http11.Http11NioProtocol - Starting ProtocolHandler ["http-nio-8822"]
[INFO ] 2020-04-13 15:25:04.334 [main] o.s.b.w.e.tomcat.TomcatWebServer - Tomcat started on port(s): 8822 (http) with context path ''
[INFO ] 2020-04-13 15:25:04.339 [main] com.jnbdt.DevelopmentApplication - Started DevelopmentApplication in 2.285 seconds (JVM running for 3.787)
[INFO ] 2020-04-13 15:25:04.465 [http-nio-8822-exec-1] o.a.c.c.C.[Tomcat].[localhost].[/] - Initializing Spring DispatcherServlet 'dispatcherServlet'
[INFO ] 2020-04-13 15:25:04.465 [http-nio-8822-exec-1] o.s.web.servlet.DispatcherServlet - Initializing Servlet 'dispatcherServlet'
[INFO ] 2020-04-13 15:25:04.470 [http-nio-8822-exec-1] o.s.web.servlet.DispatcherServlet - Completed initialization in 4 ms
[INFO ] 2020-04-13 15:48:34.068 [http-nio-8822-exec-10] com.zaxxer.hikari.HikariDataSource - HikariPool-1 - Starting...
[INFO ] 2020-04-13 15:48:35.203 [http-nio-8822-exec-10] com.zaxxer.hikari.HikariDataSource - HikariPool-1 - Start completed.
[INFO ] 2020-04-13 15:48:57.741 [RMI TCP Connection(4)-127.0.0.1] o.s.b.a.SpringApplicationAdminMXBeanRegistrar$SpringApplicationAdmin - Application shutdown requested.
[INFO ] 2020-04-13 15:48:57.743 [RMI TCP Connection(4)-127.0.0.1] o.s.s.c.ThreadPoolTaskExecutor - Shutting down ExecutorService 'applicationTaskExecutor'
[INFO ] 2020-04-13 15:48:57.743 [RMI TCP Connection(4)-127.0.0.1] com.zaxxer.hikari.HikariDataSource - HikariPool-1 - Shutdown initiated...
[INFO ] 2020-04-13 15:48:57.942 [RMI TCP Connection(4)-127.0.0.1] com.zaxxer.hikari.HikariDataSource - HikariPool-1 - Shutdown completed.
[INFO ] 2020-04-13 15:49:08.342 [main] com.jnbdt.DevelopmentApplication - Starting DevelopmentApplication on DESKTOP-11AKJED with PID 18592 (D:\eclipse\workspace\development\target\classes started by 奥特虾不会写代码 in D:\eclipse\workspace\development)
[INFO ] 2020-04-13 15:49:08.346 [main] com.jnbdt.DevelopmentApplication - No active profile set, falling back to default profiles: default
[INFO ] 2020-04-13 15:49:09.260 [main] o.s.b.w.e.tomcat.TomcatWebServer - Tomcat initialized with port(s): 8822 (http)
[INFO ] 2020-04-13 15:49:09.268 [main] o.a.coyote.http11.Http11NioProtocol - Initializing ProtocolHandler ["http-nio-8822"]
[INFO ] 2020-04-13 15:49:09.268 [main] o.a.catalina.core.StandardService - Starting service [Tomcat]
[INFO ] 2020-04-13 15:49:09.269 [main] o.a.catalina.core.StandardEngine - Starting Servlet engine: [Apache Tomcat/9.0.33]
[INFO ] 2020-04-13 15:49:09.338 [main] o.a.c.c.C.[Tomcat].[localhost].[/] - Initializing Spring embedded WebApplicationContext
[INFO ] 2020-04-13 15:49:09.338 [main] o.s.web.context.ContextLoader - Root WebApplicationContext: initialization completed in 947 ms
[INFO ] 2020-04-13 15:49:09.790 [main] o.s.s.c.ThreadPoolTaskExecutor - Initializing ExecutorService 'applicationTaskExecutor'
[INFO ] 2020-04-13 15:49:09.982 [main] o.a.coyote.http11.Http11NioProtocol - Starting ProtocolHandler ["http-nio-8822"]
[INFO ] 2020-04-13 15:49:10.014 [main] o.s.b.w.e.tomcat.TomcatWebServer - Tomcat started on port(s): 8822 (http) with context path ''
[INFO ] 2020-04-13 15:49:10.018 [main] com.jnbdt.DevelopmentApplication - Started DevelopmentApplication in 2.22 seconds (JVM running for 3.669)
[INFO ] 2020-04-13 15:49:14.224 [http-nio-8822-exec-1] o.a.c.c.C.[Tomcat].[localhost].[/] - Initializing Spring DispatcherServlet 'dispatcherServlet'
[INFO ] 2020-04-13 15:49:14.224 [http-nio-8822-exec-1] o.s.web.servlet.DispatcherServlet - Initializing Servlet 'dispatcherServlet'
[INFO ] 2020-04-13 15:49:14.231 [http-nio-8822-exec-1] o.s.web.servlet.DispatcherServlet - Completed initialization in 7 ms
[INFO ] 2020-04-13 15:49:16.331 [http-nio-8822-exec-3] com.zaxxer.hikari.HikariDataSource - HikariPool-1 - Starting...
[INFO ] 2020-04-13 15:49:17.508 [http-nio-8822-exec-3] com.zaxxer.hikari.HikariDataSource - HikariPool-1 - Start completed.
[INFO ] 2020-04-13 15:51:08.515 [main] com.jnbdt.DevelopmentApplication - Starting DevelopmentApplication on DESKTOP-11AKJED with PID 11988 (D:\eclipse\workspace\development\target\classes started by 奥特虾不会写代码 in D:\eclipse\workspace\development)
[INFO ] 2020-04-13 15:51:08.519 [main] com.jnbdt.DevelopmentApplication - No active profile set, falling back to default profiles: default
[INFO ] 2020-04-13 15:51:09.495 [main] o.s.b.w.e.tomcat.TomcatWebServer - Tomcat initialized with port(s): 8822 (http)
[INFO ] 2020-04-13 15:51:09.504 [main] o.a.coyote.http11.Http11NioProtocol - Initializing ProtocolHandler ["http-nio-8822"]
[INFO ] 2020-04-13 15:51:09.504 [main] o.a.catalina.core.StandardService - Starting service [Tomcat]
[INFO ] 2020-04-13 15:51:09.504 [main] o.a.catalina.core.StandardEngine - Starting Servlet engine: [Apache Tomcat/9.0.33]
[INFO ] 2020-04-13 15:51:09.586 [main] o.a.c.c.C.[Tomcat].[localhost].[/] - Initializing Spring embedded WebApplicationContext
[INFO ] 2020-04-13 15:51:09.587 [main] o.s.web.context.ContextLoader - Root WebApplicationContext: initialization completed in 1023 ms
[INFO ] 2020-04-13 15:51:10.122 [main] o.s.s.c.ThreadPoolTaskExecutor - Initializing ExecutorService 'applicationTaskExecutor'
[INFO ] 2020-04-13 15:51:10.328 [main] o.a.coyote.http11.Http11NioProtocol - Starting ProtocolHandler ["http-nio-8822"]
[INFO ] 2020-04-13 15:51:10.356 [main] o.s.b.w.e.tomcat.TomcatWebServer - Tomcat started on port(s): 8822 (http) with context path ''
[INFO ] 2020-04-13 15:51:10.362 [main] com.jnbdt.DevelopmentApplication - Started DevelopmentApplication in 2.347 seconds (JVM running for 3.991)
[INFO ] 2020-04-13 15:51:10.429 [http-nio-8822-exec-1] o.a.c.c.C.[Tomcat].[localhost].[/] - Initializing Spring DispatcherServlet 'dispatcherServlet'
[INFO ] 2020-04-13 15:51:10.429 [http-nio-8822-exec-1] o.s.web.servlet.DispatcherServlet - Initializing Servlet 'dispatcherServlet'
[INFO ] 2020-04-13 15:51:10.434 [http-nio-8822-exec-1] o.s.web.servlet.DispatcherServlet - Completed initialization in 5 ms
[INFO ] 2020-04-13 15:51:30.370 [http-nio-8822-exec-4] com.zaxxer.hikari.HikariDataSource - HikariPool-1 - Starting...
[INFO ] 2020-04-13 15:51:31.685 [http-nio-8822-exec-4] com.zaxxer.hikari.HikariDataSource - HikariPool-1 - Start completed.
[INFO ] 2020-04-13 15:52:39.257 [RMI TCP Connection(4)-127.0.0.1] o.s.b.a.SpringApplicationAdminMXBeanRegistrar$SpringApplicationAdmin - Application shutdown requested.
[INFO ] 2020-04-13 15:52:39.260 [RMI TCP Connection(4)-127.0.0.1] o.s.s.c.ThreadPoolTaskExecutor - Shutting down ExecutorService 'applicationTaskExecutor'
[INFO ] 2020-04-13 15:52:39.261 [RMI TCP Connection(4)-127.0.0.1] com.zaxxer.hikari.HikariDataSource - HikariPool-1 - Shutdown initiated...
[INFO ] 2020-04-13 15:52:39.292 [RMI TCP Connection(4)-127.0.0.1] com.zaxxer.hikari.HikariDataSource - HikariPool-1 - Shutdown completed.
[INFO ] 2020-04-13 15:52:46.883 [main] com.jnbdt.DevelopmentApplication - Starting DevelopmentApplication on DESKTOP-11AKJED with PID 6288 (D:\eclipse\workspace\development\target\classes started by 奥特虾不会写代码 in D:\eclipse\workspace\development)
[INFO ] 2020-04-13 15:52:46.885 [main] com.jnbdt.DevelopmentApplication - No active profile set, falling back to default profiles: default
[INFO ] 2020-04-13 15:52:47.747 [main] o.s.b.w.e.tomcat.TomcatWebServer - Tomcat initialized with port(s): 8822 (http)
[INFO ] 2020-04-13 15:52:47.754 [main] o.a.coyote.http11.Http11NioProtocol - Initializing ProtocolHandler ["http-nio-8822"]
[INFO ] 2020-04-13 15:52:47.755 [main] o.a.catalina.core.StandardService - Starting service [Tomcat]
[INFO ] 2020-04-13 15:52:47.755 [main] o.a.catalina.core.StandardEngine - Starting Servlet engine: [Apache Tomcat/9.0.33]
[INFO ] 2020-04-13 15:52:47.829 [main] o.a.c.c.C.[Tomcat].[localhost].[/] - Initializing Spring embedded WebApplicationContext
[INFO ] 2020-04-13 15:52:47.829 [main] o.s.web.context.ContextLoader - Root WebApplicationContext: initialization completed in 900 ms
[INFO ] 2020-04-13 15:52:48.274 [main] o.s.s.c.ThreadPoolTaskExecutor - Initializing ExecutorService 'applicationTaskExecutor'
[INFO ] 2020-04-13 15:52:48.434 [main] o.a.coyote.http11.Http11NioProtocol - Starting ProtocolHandler ["http-nio-8822"]
[INFO ] 2020-04-13 15:52:48.458 [main] o.s.b.w.e.tomcat.TomcatWebServer - Tomcat started on port(s): 8822 (http) with context path ''
[INFO ] 2020-04-13 15:52:48.462 [main] com.jnbdt.DevelopmentApplication - Started DevelopmentApplication in 2.109 seconds (JVM running for 3.653)
[INFO ] 2020-04-13 15:52:56.212 [http-nio-8822-exec-1] o.a.c.c.C.[Tomcat].[localhost].[/] - Initializing Spring DispatcherServlet 'dispatcherServlet'
[INFO ] 2020-04-13 15:52:56.213 [http-nio-8822-exec-1] o.s.web.servlet.DispatcherServlet - Initializing Servlet 'dispatcherServlet'
[INFO ] 2020-04-13 15:52:56.218 [http-nio-8822-exec-1] o.s.web.servlet.DispatcherServlet - Completed initialization in 5 ms
[INFO ] 2020-04-13 15:53:01.718 [http-nio-8822-exec-3] com.zaxxer.hikari.HikariDataSource - HikariPool-1 - Starting...
[INFO ] 2020-04-13 15:53:03.037 [http-nio-8822-exec-3] com.zaxxer.hikari.HikariDataSource - HikariPool-1 - Start completed.
[INFO ] 2020-04-13 15:54:38.601 [main] com.jnbdt.DevelopmentApplication - Starting DevelopmentApplication on DESKTOP-11AKJED with PID 19060 (D:\eclipse\workspace\development\target\classes started by 奥特虾不会写代码 in D:\eclipse\workspace\development)
[INFO ] 2020-04-13 15:54:38.605 [main] com.jnbdt.DevelopmentApplication - No active profile set, falling back to default profiles: default
[INFO ] 2020-04-13 15:54:39.520 [main] o.s.b.w.e.tomcat.TomcatWebServer - Tomcat initialized with port(s): 8822 (http)
[INFO ] 2020-04-13 15:54:39.528 [main] o.a.coyote.http11.Http11NioProtocol - Initializing ProtocolHandler ["http-nio-8822"]
[INFO ] 2020-04-13 15:54:39.529 [main] o.a.catalina.core.StandardService - Starting service [Tomcat]
[INFO ] 2020-04-13 15:54:39.529 [main] o.a.catalina.core.StandardEngine - Starting Servlet engine: [Apache Tomcat/9.0.33]
[INFO ] 2020-04-13 15:54:39.612 [main] o.a.c.c.C.[Tomcat].[localhost].[/] - Initializing Spring embedded WebApplicationContext
[INFO ] 2020-04-13 15:54:39.612 [main] o.s.web.context.ContextLoader - Root WebApplicationContext: initialization completed in 960 ms
[INFO ] 2020-04-13 15:54:40.086 [main] o.s.s.c.ThreadPoolTaskExecutor - Initializing ExecutorService 'applicationTaskExecutor'
[INFO ] 2020-04-13 15:54:40.254 [main] o.a.coyote.http11.Http11NioProtocol - Starting ProtocolHandler ["http-nio-8822"]
[INFO ] 2020-04-13 15:54:40.277 [main] o.s.b.w.e.tomcat.TomcatWebServer - Tomcat started on port(s): 8822 (http) with context path ''
[INFO ] 2020-04-13 15:54:40.282 [main] com.jnbdt.DevelopmentApplication - Started DevelopmentApplication in 2.135 seconds (JVM running for 3.597)
[INFO ] 2020-04-13 15:54:43.930 [http-nio-8822-exec-1] o.a.c.c.C.[Tomcat].[localhost].[/] - Initializing Spring DispatcherServlet 'dispatcherServlet'
[INFO ] 2020-04-13 15:54:43.931 [http-nio-8822-exec-1] o.s.web.servlet.DispatcherServlet - Initializing Servlet 'dispatcherServlet'
[INFO ] 2020-04-13 15:54:43.938 [http-nio-8822-exec-1] o.s.web.servlet.DispatcherServlet - Completed initialization in 7 ms
[INFO ] 2020-04-13 15:56:16.728 [RMI TCP Connection(4)-127.0.0.1] o.s.b.a.SpringApplicationAdminMXBeanRegistrar$SpringApplicationAdmin - Application shutdown requested.
[INFO ] 2020-04-13 15:56:16.730 [RMI TCP Connection(4)-127.0.0.1] o.s.s.c.ThreadPoolTaskExecutor - Shutting down ExecutorService 'applicationTaskExecutor'
[INFO ] 2020-04-13 15:56:24.644 [main] com.jnbdt.DevelopmentApplication - Starting DevelopmentApplication on DESKTOP-11AKJED with PID 13184 (D:\eclipse\workspace\development\target\classes started by 奥特虾不会写代码 in D:\eclipse\workspace\development)
[INFO ] 2020-04-13 15:56:24.648 [main] com.jnbdt.DevelopmentApplication - No active profile set, falling back to default profiles: default
[INFO ] 2020-04-13 15:56:25.544 [main] o.s.b.w.e.tomcat.TomcatWebServer - Tomcat initialized with port(s): 8822 (http)
[INFO ] 2020-04-13 15:56:25.553 [main] o.a.coyote.http11.Http11NioProtocol - Initializing ProtocolHandler ["http-nio-8822"]
[INFO ] 2020-04-13 15:56:25.553 [main] o.a.catalina.core.StandardService - Starting service [Tomcat]
[INFO ] 2020-04-13 15:56:25.554 [main] o.a.catalina.core.StandardEngine - Starting Servlet engine: [Apache Tomcat/9.0.33]
[INFO ] 2020-04-13 15:56:25.631 [main] o.a.c.c.C.[Tomcat].[localhost].[/] - Initializing Spring embedded WebApplicationContext
[INFO ] 2020-04-13 15:56:25.632 [main] o.s.web.context.ContextLoader - Root WebApplicationContext: initialization completed in 909 ms
[INFO ] 2020-04-13 15:56:26.072 [main] o.s.s.c.ThreadPoolTaskExecutor - Initializing ExecutorService 'applicationTaskExecutor'
[INFO ] 2020-04-13 15:56:26.286 [main] o.a.coyote.http11.Http11NioProtocol - Starting ProtocolHandler ["http-nio-8822"]
[INFO ] 2020-04-13 15:56:26.315 [main] o.s.b.w.e.tomcat.TomcatWebServer - Tomcat started on port(s): 8822 (http) with context path ''
[INFO ] 2020-04-13 15:56:26.321 [main] com.jnbdt.DevelopmentApplication - Started DevelopmentApplication in 2.104 seconds (JVM running for 3.504)
[INFO ] 2020-04-13 15:56:31.537 [http-nio-8822-exec-1] o.a.c.c.C.[Tomcat].[localhost].[/] - Initializing Spring DispatcherServlet 'dispatcherServlet'
[INFO ] 2020-04-13 15:56:31.538 [http-nio-8822-exec-1] o.s.web.servlet.DispatcherServlet - Initializing Servlet 'dispatcherServlet'
[INFO ] 2020-04-13 15:56:31.543 [http-nio-8822-exec-1] o.s.web.servlet.DispatcherServlet - Completed initialization in 5 ms
[INFO ] 2020-04-13 15:56:37.745 [http-nio-8822-exec-2] com.zaxxer.hikari.HikariDataSource - HikariPool-1 - Starting...
[INFO ] 2020-04-13 15:56:39.169 [http-nio-8822-exec-2] com.zaxxer.hikari.HikariDataSource - HikariPool-1 - Start completed.
[INFO ] 2020-04-13 16:01:52.429 [RMI TCP Connection(4)-127.0.0.1] o.s.b.a.SpringApplicationAdminMXBeanRegistrar$SpringApplicationAdmin - Application shutdown requested.
[INFO ] 2020-04-13 16:01:52.432 [RMI TCP Connection(4)-127.0.0.1] o.s.s.c.ThreadPoolTaskExecutor - Shutting down ExecutorService 'applicationTaskExecutor'
[INFO ] 2020-04-13 16:01:52.434 [RMI TCP Connection(4)-127.0.0.1] com.zaxxer.hikari.HikariDataSource - HikariPool-1 - Shutdown initiated...
[INFO ] 2020-04-13 16:01:52.457 [RMI TCP Connection(4)-127.0.0.1] com.zaxxer.hikari.HikariDataSource - HikariPool-1 - Shutdown completed.
[INFO ] 2020-04-13 16:02:01.894 [main] com.jnbdt.DevelopmentApplication - Starting DevelopmentApplication on DESKTOP-11AKJED with PID 1988 (D:\eclipse\workspace\development\target\classes started by 奥特虾不会写代码 in D:\eclipse\workspace\development)
[INFO ] 2020-04-13 16:02:01.897 [main] com.jnbdt.DevelopmentApplication - No active profile set, falling back to default profiles: default
[INFO ] 2020-04-13 16:02:02.742 [main] o.s.b.w.e.tomcat.TomcatWebServer - Tomcat initialized with port(s): 8822 (http)
[INFO ] 2020-04-13 16:02:02.749 [main] o.a.coyote.http11.Http11NioProtocol - Initializing ProtocolHandler ["http-nio-8822"]
[INFO ] 2020-04-13 16:02:02.750 [main] o.a.catalina.core.StandardService - Starting service [Tomcat]
[INFO ] 2020-04-13 16:02:02.750 [main] o.a.catalina.core.StandardEngine - Starting Servlet engine: [Apache Tomcat/9.0.33]
[INFO ] 2020-04-13 16:02:02.818 [main] o.a.c.c.C.[Tomcat].[localhost].[/] - Initializing Spring embedded WebApplicationContext
[INFO ] 2020-04-13 16:02:02.818 [main] o.s.web.context.ContextLoader - Root WebApplicationContext: initialization completed in 880 ms
[INFO ] 2020-04-13 16:02:03.265 [main] o.s.s.c.ThreadPoolTaskExecutor - Initializing ExecutorService 'applicationTaskExecutor'
[INFO ] 2020-04-13 16:02:03.468 [main] o.a.coyote.http11.Http11NioProtocol - Starting ProtocolHandler ["http-nio-8822"]
[INFO ] 2020-04-13 16:02:03.498 [main] o.s.b.w.e.tomcat.TomcatWebServer - Tomcat started on port(s): 8822 (http) with context path ''
[INFO ] 2020-04-13 16:02:03.503 [main] com.jnbdt.DevelopmentApplication - Started DevelopmentApplication in 2.053 seconds (JVM running for 3.495)
[INFO ] 2020-04-13 16:02:12.170 [http-nio-8822-exec-1] o.a.c.c.C.[Tomcat].[localhost].[/] - Initializing Spring DispatcherServlet 'dispatcherServlet'
[INFO ] 2020-04-13 16:02:12.170 [http-nio-8822-exec-1] o.s.web.servlet.DispatcherServlet - Initializing Servlet 'dispatcherServlet'
[INFO ] 2020-04-13 16:02:12.178 [http-nio-8822-exec-1] o.s.web.servlet.DispatcherServlet - Completed initialization in 8 ms
[INFO ] 2020-04-13 16:02:13.910 [http-nio-8822-exec-3] com.zaxxer.hikari.HikariDataSource - HikariPool-1 - Starting...
[INFO ] 2020-04-13 16:02:15.278 [http-nio-8822-exec-3] com.zaxxer.hikari.HikariDataSource - HikariPool-1 - Start completed.
[INFO ] 2020-04-13 16:05:38.951 [main] com.jnbdt.DevelopmentApplication - Starting DevelopmentApplication on DESKTOP-11AKJED with PID 11268 (D:\eclipse\workspace\development\target\classes started by 奥特虾不会写代码 in D:\eclipse\workspace\development)
[INFO ] 2020-04-13 16:05:38.956 [main] com.jnbdt.DevelopmentApplication - No active profile set, falling back to default profiles: default
[INFO ] 2020-04-13 16:05:39.830 [main] o.s.b.w.e.tomcat.TomcatWebServer - Tomcat initialized with port(s): 8822 (http)
[INFO ] 2020-04-13 16:05:39.837 [main] o.a.coyote.http11.Http11NioProtocol - Initializing ProtocolHandler ["http-nio-8822"]
[INFO ] 2020-04-13 16:05:39.838 [main] o.a.catalina.core.StandardService - Starting service [Tomcat]
[INFO ] 2020-04-13 16:05:39.838 [main] o.a.catalina.core.StandardEngine - Starting Servlet engine: [Apache Tomcat/9.0.33]
[INFO ] 2020-04-13 16:05:39.909 [main] o.a.c.c.C.[Tomcat].[localhost].[/] - Initializing Spring embedded WebApplicationContext
[INFO ] 2020-04-13 16:05:39.909 [main] o.s.web.context.ContextLoader - Root WebApplicationContext: initialization completed in 913 ms
[INFO ] 2020-04-13 16:05:40.397 [main] o.s.s.c.ThreadPoolTaskExecutor - Initializing ExecutorService 'applicationTaskExecutor'
[INFO ] 2020-04-13 16:05:40.592 [main] o.a.coyote.http11.Http11NioProtocol - Starting ProtocolHandler ["http-nio-8822"]
[INFO ] 2020-04-13 16:05:40.619 [main] o.s.b.w.e.tomcat.TomcatWebServer - Tomcat started on port(s): 8822 (http) with context path ''
[INFO ] 2020-04-13 16:05:40.623 [main] com.jnbdt.DevelopmentApplication - Started DevelopmentApplication in 2.174 seconds (JVM running for 3.858)
[INFO ] 2020-04-13 16:05:45.983 [http-nio-8822-exec-1] o.a.c.c.C.[Tomcat].[localhost].[/] - Initializing Spring DispatcherServlet 'dispatcherServlet'
[INFO ] 2020-04-13 16:05:45.983 [http-nio-8822-exec-1] o.s.web.servlet.DispatcherServlet - Initializing Servlet 'dispatcherServlet'
[INFO ] 2020-04-13 16:05:45.988 [http-nio-8822-exec-1] o.s.web.servlet.DispatcherServlet - Completed initialization in 5 ms
[INFO ] 2020-04-13 16:05:50.324 [http-nio-8822-exec-3] com.zaxxer.hikari.HikariDataSource - HikariPool-1 - Starting...
[INFO ] 2020-04-13 16:06:00.413 [http-nio-8822-exec-3] com.zaxxer.hikari.HikariDataSource - HikariPool-1 - Start completed.
[INFO ] 2020-04-13 16:11:24.823 [RMI TCP Connection(4)-127.0.0.1] o.s.b.a.SpringApplicationAdminMXBeanRegistrar$SpringApplicationAdmin - Application shutdown requested.
[INFO ] 2020-04-13 16:11:24.825 [RMI TCP Connection(4)-127.0.0.1] o.s.s.c.ThreadPoolTaskExecutor - Shutting down ExecutorService 'applicationTaskExecutor'
[INFO ] 2020-04-13 16:11:24.826 [RMI TCP Connection(4)-127.0.0.1] com.zaxxer.hikari.HikariDataSource - HikariPool-1 - Shutdown initiated...
[INFO ] 2020-04-13 16:11:25.157 [RMI TCP Connection(4)-127.0.0.1] com.zaxxer.hikari.HikariDataSource - HikariPool-1 - Shutdown completed.
[INFO ] 2020-04-13 16:11:33.683 [main] com.jnbdt.DevelopmentApplication - Starting DevelopmentApplication on DESKTOP-11AKJED with PID 3048 (D:\eclipse\workspace\development\target\classes started by 奥特虾不会写代码 in D:\eclipse\workspace\development)
[INFO ] 2020-04-13 16:11:33.687 [main] com.jnbdt.DevelopmentApplication - No active profile set, falling back to default profiles: default
[INFO ] 2020-04-13 16:11:34.702 [main] o.s.b.w.e.tomcat.TomcatWebServer - Tomcat initialized with port(s): 8822 (http)
[INFO ] 2020-04-13 16:11:34.709 [main] o.a.coyote.http11.Http11NioProtocol - Initializing ProtocolHandler ["http-nio-8822"]
[INFO ] 2020-04-13 16:11:34.710 [main] o.a.catalina.core.StandardService - Starting service [Tomcat]
[INFO ] 2020-04-13 16:11:34.710 [main] o.a.catalina.core.StandardEngine - Starting Servlet engine: [Apache Tomcat/9.0.33]
[INFO ] 2020-04-13 16:11:34.777 [main] o.a.c.c.C.[Tomcat].[localhost].[/] - Initializing Spring embedded WebApplicationContext
[INFO ] 2020-04-13 16:11:34.777 [main] o.s.web.context.ContextLoader - Root WebApplicationContext: initialization completed in 1044 ms
[INFO ] 2020-04-13 16:11:35.221 [main] o.s.s.c.ThreadPoolTaskExecutor - Initializing ExecutorService 'applicationTaskExecutor'
[INFO ] 2020-04-13 16:11:35.392 [main] o.a.coyote.http11.Http11NioProtocol - Starting ProtocolHandler ["http-nio-8822"]
[INFO ] 2020-04-13 16:11:35.416 [main] o.s.b.w.e.tomcat.TomcatWebServer - Tomcat started on port(s): 8822 (http) with context path ''
[INFO ] 2020-04-13 16:11:35.419 [main] com.jnbdt.DevelopmentApplication - Started DevelopmentApplication in 2.191 seconds (JVM running for 3.559)
[INFO ] 2020-04-13 16:11:41.797 [http-nio-8822-exec-1] o.a.c.c.C.[Tomcat].[localhost].[/] - Initializing Spring DispatcherServlet 'dispatcherServlet'
[INFO ] 2020-04-13 16:11:41.797 [http-nio-8822-exec-1] o.s.web.servlet.DispatcherServlet - Initializing Servlet 'dispatcherServlet'
[INFO ] 2020-04-13 16:11:41.802 [http-nio-8822-exec-1] o.s.web.servlet.DispatcherServlet - Completed initialization in 4 ms
[INFO ] 2020-04-13 16:11:44.469 [http-nio-8822-exec-3] com.zaxxer.hikari.HikariDataSource - HikariPool-1 - Starting...
[INFO ] 2020-04-13 16:11:45.878 [http-nio-8822-exec-3] com.zaxxer.hikari.HikariDataSource - HikariPool-1 - Start completed.
[INFO ] 2020-04-13 16:19:03.427 [main] com.jnbdt.DevelopmentApplication - Starting DevelopmentApplication on DESKTOP-11AKJED with PID 18792 (D:\eclipse\workspace\development\target\classes started by 奥特虾不会写代码 in D:\eclipse\workspace\development)
[INFO ] 2020-04-13 16:19:03.430 [main] com.jnbdt.DevelopmentApplication - No active profile set, falling back to default profiles: default
[INFO ] 2020-04-13 16:19:04.298 [main] o.s.b.w.e.tomcat.TomcatWebServer - Tomcat initialized with port(s): 8822 (http)
[INFO ] 2020-04-13 16:19:04.305 [main] o.a.coyote.http11.Http11NioProtocol - Initializing ProtocolHandler ["http-nio-8822"]
[INFO ] 2020-04-13 16:19:04.306 [main] o.a.catalina.core.StandardService - Starting service [Tomcat]
[INFO ] 2020-04-13 16:19:04.306 [main] o.a.catalina.core.StandardEngine - Starting Servlet engine: [Apache Tomcat/9.0.33]
[INFO ] 2020-04-13 16:19:04.375 [main] o.a.c.c.C.[Tomcat].[localhost].[/] - Initializing Spring embedded WebApplicationContext
[INFO ] 2020-04-13 16:19:04.375 [main] o.s.web.context.ContextLoader - Root WebApplicationContext: initialization completed in 898 ms
[INFO ] 2020-04-13 16:19:04.801 [main] o.s.s.c.ThreadPoolTaskExecutor - Initializing ExecutorService 'applicationTaskExecutor'
[INFO ] 2020-04-13 16:19:04.960 [main] o.a.coyote.http11.Http11NioProtocol - Starting ProtocolHandler ["http-nio-8822"]
[INFO ] 2020-04-13 16:19:04.985 [main] o.s.b.w.e.tomcat.TomcatWebServer - Tomcat started on port(s): 8822 (http) with context path ''
[INFO ] 2020-04-13 16:19:04.989 [main] com.jnbdt.DevelopmentApplication - Started DevelopmentApplication in 2.004 seconds (JVM running for 3.466)
[INFO ] 2020-04-13 16:19:11.489 [http-nio-8822-exec-1] o.a.c.c.C.[Tomcat].[localhost].[/] - Initializing Spring DispatcherServlet 'dispatcherServlet'
[INFO ] 2020-04-13 16:19:11.489 [http-nio-8822-exec-1] o.s.web.servlet.DispatcherServlet - Initializing Servlet 'dispatcherServlet'
[INFO ] 2020-04-13 16:19:11.493 [http-nio-8822-exec-1] o.s.web.servlet.DispatcherServlet - Completed initialization in 4 ms
[INFO ] 2020-04-13 16:19:17.355 [http-nio-8822-exec-1] com.zaxxer.hikari.HikariDataSource - HikariPool-1 - Starting...
[INFO ] 2020-04-13 16:19:18.744 [http-nio-8822-exec-1] com.zaxxer.hikari.HikariDataSource - HikariPool-1 - Start completed.
[INFO ] 2020-04-13 16:22:24.972 [main] com.jnbdt.DevelopmentApplication - Starting DevelopmentApplication on DESKTOP-11AKJED with PID 17184 (D:\eclipse\workspace\development\target\classes started by 奥特虾不会写代码 in D:\eclipse\workspace\development)
[INFO ] 2020-04-13 16:22:24.976 [main] com.jnbdt.DevelopmentApplication - No active profile set, falling back to default profiles: default
[INFO ] 2020-04-13 16:22:25.827 [main] o.s.b.w.e.tomcat.TomcatWebServer - Tomcat initialized with port(s): 8822 (http)
[INFO ] 2020-04-13 16:22:25.838 [main] o.a.coyote.http11.Http11NioProtocol - Initializing ProtocolHandler ["http-nio-8822"]
[INFO ] 2020-04-13 16:22:25.839 [main] o.a.catalina.core.StandardService - Starting service [Tomcat]
[INFO ] 2020-04-13 16:22:25.839 [main] o.a.catalina.core.StandardEngine - Starting Servlet engine: [Apache Tomcat/9.0.33]
[INFO ] 2020-04-13 16:22:25.917 [main] o.a.c.c.C.[Tomcat].[localhost].[/] - Initializing Spring embedded WebApplicationContext
[INFO ] 2020-04-13 16:22:25.917 [main] o.s.web.context.ContextLoader - Root WebApplicationContext: initialization completed in 895 ms
[INFO ] 2020-04-13 16:22:26.360 [main] o.s.s.c.ThreadPoolTaskExecutor - Initializing ExecutorService 'applicationTaskExecutor'
[INFO ] 2020-04-13 16:22:26.560 [main] o.a.coyote.http11.Http11NioProtocol - Starting ProtocolHandler ["http-nio-8822"]
[INFO ] 2020-04-13 16:22:26.592 [main] o.s.b.w.e.tomcat.TomcatWebServer - Tomcat started on port(s): 8822 (http) with context path ''
[INFO ] 2020-04-13 16:22:26.597 [main] com.jnbdt.DevelopmentApplication - Started DevelopmentApplication in 2.081 seconds (JVM running for 3.488)
[INFO ] 2020-04-13 16:22:40.265 [http-nio-8822-exec-1] o.a.c.c.C.[Tomcat].[localhost].[/] - Initializing Spring DispatcherServlet 'dispatcherServlet'
[INFO ] 2020-04-13 16:22:40.265 [http-nio-8822-exec-1] o.s.web.servlet.DispatcherServlet - Initializing Servlet 'dispatcherServlet'
[INFO ] 2020-04-13 16:22:40.272 [http-nio-8822-exec-1] o.s.web.servlet.DispatcherServlet - Completed initialization in 7 ms
[INFO ] 2020-04-13 16:22:44.458 [http-nio-8822-exec-5] com.zaxxer.hikari.HikariDataSource - HikariPool-1 - Starting...
[INFO ] 2020-04-13 16:22:45.664 [http-nio-8822-exec-5] com.zaxxer.hikari.HikariDataSource - HikariPool-1 - Start completed.
[INFO ] 2020-04-13 16:30:11.393 [main] com.jnbdt.DevelopmentApplication - Starting DevelopmentApplication on DESKTOP-11AKJED with PID 3288 (D:\eclipse\workspace\development\target\classes started by 奥特虾不会写代码 in D:\eclipse\workspace\development)
[INFO ] 2020-04-13 16:30:11.396 [main] com.jnbdt.DevelopmentApplication - No active profile set, falling back to default profiles: default
[INFO ] 2020-04-13 16:30:12.237 [main] o.s.b.w.e.tomcat.TomcatWebServer - Tomcat initialized with port(s): 8822 (http)
[INFO ] 2020-04-13 16:30:12.245 [main] o.a.coyote.http11.Http11NioProtocol - Initializing ProtocolHandler ["http-nio-8822"]
[INFO ] 2020-04-13 16:30:12.245 [main] o.a.catalina.core.StandardService - Starting service [Tomcat]
[INFO ] 2020-04-13 16:30:12.246 [main] o.a.catalina.core.StandardEngine - Starting Servlet engine: [Apache Tomcat/9.0.33]
[INFO ] 2020-04-13 16:30:12.327 [main] o.a.c.c.C.[Tomcat].[localhost].[/] - Initializing Spring embedded WebApplicationContext
[INFO ] 2020-04-13 16:30:12.328 [main] o.s.web.context.ContextLoader - Root WebApplicationContext: initialization completed in 894 ms
[INFO ] 2020-04-13 16:30:12.863 [main] o.s.s.c.ThreadPoolTaskExecutor - Initializing ExecutorService 'applicationTaskExecutor'
[INFO ] 2020-04-13 16:30:13.041 [main] o.a.coyote.http11.Http11NioProtocol - Starting ProtocolHandler ["http-nio-8822"]
[INFO ] 2020-04-13 16:30:13.063 [main] o.s.b.w.e.tomcat.TomcatWebServer - Tomcat started on port(s): 8822 (http) with context path ''
[INFO ] 2020-04-13 16:30:13.067 [main] com.jnbdt.DevelopmentApplication - Started DevelopmentApplication in 2.137 seconds (JVM running for 3.606)
[INFO ] 2020-04-13 16:30:18.272 [http-nio-8822-exec-1] o.a.c.c.C.[Tomcat].[localhost].[/] - Initializing Spring DispatcherServlet 'dispatcherServlet'
[INFO ] 2020-04-13 16:30:18.272 [http-nio-8822-exec-1] o.s.web.servlet.DispatcherServlet - Initializing Servlet 'dispatcherServlet'
[INFO ] 2020-04-13 16:30:18.279 [http-nio-8822-exec-1] o.s.web.servlet.DispatcherServlet - Completed initialization in 7 ms
[INFO ] 2020-04-13 16:30:35.358 [http-nio-8822-exec-4] com.zaxxer.hikari.HikariDataSource - HikariPool-1 - Starting...
[INFO ] 2020-04-13 16:30:36.554 [http-nio-8822-exec-4] com.zaxxer.hikari.HikariDataSource - HikariPool-1 - Start completed.
[INFO ] 2020-04-13 16:31:36.358 [main] com.jnbdt.DevelopmentApplication - Starting DevelopmentApplication on DESKTOP-11AKJED with PID 8184 (D:\eclipse\workspace\development\target\classes started by 奥特虾不会写代码 in D:\eclipse\workspace\development)
[INFO ] 2020-04-13 16:31:36.361 [main] com.jnbdt.DevelopmentApplication - No active profile set, falling back to default profiles: default
[INFO ] 2020-04-13 16:31:37.291 [main] o.s.b.w.e.tomcat.TomcatWebServer - Tomcat initialized with port(s): 8822 (http)
[INFO ] 2020-04-13 16:31:37.300 [main] o.a.coyote.http11.Http11NioProtocol - Initializing ProtocolHandler ["http-nio-8822"]
[INFO ] 2020-04-13 16:31:37.300 [main] o.a.catalina.core.StandardService - Starting service [Tomcat]
[INFO ] 2020-04-13 16:31:37.301 [main] o.a.catalina.core.StandardEngine - Starting Servlet engine: [Apache Tomcat/9.0.33]
[INFO ] 2020-04-13 16:31:37.372 [main] o.a.c.c.C.[Tomcat].[localhost].[/] - Initializing Spring embedded WebApplicationContext
[INFO ] 2020-04-13 16:31:37.372 [main] o.s.web.context.ContextLoader - Root WebApplicationContext: initialization completed in 967 ms
[INFO ] 2020-04-13 16:31:37.811 [main] o.s.s.c.ThreadPoolTaskExecutor - Initializing ExecutorService 'applicationTaskExecutor'
[INFO ] 2020-04-13 16:31:37.980 [main] o.a.coyote.http11.Http11NioProtocol - Starting ProtocolHandler ["http-nio-8822"]
[INFO ] 2020-04-13 16:31:38.002 [main] o.s.b.w.e.tomcat.TomcatWebServer - Tomcat started on port(s): 8822 (http) with context path ''
[INFO ] 2020-04-13 16:31:38.005 [main] com.jnbdt.DevelopmentApplication - Started DevelopmentApplication in 2.099 seconds (JVM running for 3.518)
[INFO ] 2020-04-13 16:31:44.225 [http-nio-8822-exec-1] o.a.c.c.C.[Tomcat].[localhost].[/] - Initializing Spring DispatcherServlet 'dispatcherServlet'
[INFO ] 2020-04-13 16:31:44.226 [http-nio-8822-exec-1] o.s.web.servlet.DispatcherServlet - Initializing Servlet 'dispatcherServlet'
[INFO ] 2020-04-13 16:31:44.230 [http-nio-8822-exec-1] o.s.web.servlet.DispatcherServlet - Completed initialization in 4 ms
[INFO ] 2020-04-13 16:31:51.187 [http-nio-8822-exec-1] com.zaxxer.hikari.HikariDataSource - HikariPool-1 - Starting...
[INFO ] 2020-04-13 16:32:01.194 [http-nio-8822-exec-1] com.zaxxer.hikari.HikariDataSource - HikariPool-1 - Start completed.
[INFO ] 2020-04-13 16:42:47.169 [main] com.jnbdt.DevelopmentApplication - Starting DevelopmentApplication on DESKTOP-11AKJED with PID 17244 (D:\eclipse\workspace\development\target\classes started by 奥特虾不会写代码 in D:\eclipse\workspace\development)
[INFO ] 2020-04-13 16:42:47.172 [main] com.jnbdt.DevelopmentApplication - No active profile set, falling back to default profiles: default
[INFO ] 2020-04-13 16:42:48.078 [main] o.s.b.w.e.tomcat.TomcatWebServer - Tomcat initialized with port(s): 8822 (http)
[INFO ] 2020-04-13 16:42:48.085 [main] o.a.coyote.http11.Http11NioProtocol - Initializing ProtocolHandler ["http-nio-8822"]
[INFO ] 2020-04-13 16:42:48.085 [main] o.a.catalina.core.StandardService - Starting service [Tomcat]
[INFO ] 2020-04-13 16:42:48.085 [main] o.a.catalina.core.StandardEngine - Starting Servlet engine: [Apache Tomcat/9.0.33]
[INFO ] 2020-04-13 16:42:48.155 [main] o.a.c.c.C.[Tomcat].[localhost].[/] - Initializing Spring embedded WebApplicationContext
[INFO ] 2020-04-13 16:42:48.156 [main] o.s.web.context.ContextLoader - Root WebApplicationContext: initialization completed in 947 ms
[INFO ] 2020-04-13 16:42:48.594 [main] o.s.s.c.ThreadPoolTaskExecutor - Initializing ExecutorService 'applicationTaskExecutor'
[INFO ] 2020-04-13 16:42:48.758 [main] o.a.coyote.http11.Http11NioProtocol - Starting ProtocolHandler ["http-nio-8822"]
[INFO ] 2020-04-13 16:42:48.782 [main] o.s.b.w.e.tomcat.TomcatWebServer - Tomcat started on port(s): 8822 (http) with context path ''
[INFO ] 2020-04-13 16:42:48.786 [main] com.jnbdt.DevelopmentApplication - Started DevelopmentApplication in 2.062 seconds (JVM running for 3.522)
[INFO ] 2020-04-13 16:43:06.391 [http-nio-8822-exec-1] o.a.c.c.C.[Tomcat].[localhost].[/] - Initializing Spring DispatcherServlet 'dispatcherServlet'
[INFO ] 2020-04-13 16:43:06.391 [http-nio-8822-exec-1] o.s.web.servlet.DispatcherServlet - Initializing Servlet 'dispatcherServlet'
[INFO ] 2020-04-13 16:43:06.396 [http-nio-8822-exec-1] o.s.web.servlet.DispatcherServlet - Completed initialization in 5 ms
[INFO ] 2020-04-13 16:43:08.800 [http-nio-8822-exec-1] com.zaxxer.hikari.HikariDataSource - HikariPool-1 - Starting...
[INFO ] 2020-04-13 16:43:18.942 [http-nio-8822-exec-1] com.zaxxer.hikari.HikariDataSource - HikariPool-1 - Start completed.
[INFO ] 2020-04-13 16:55:59.193 [main] com.jnbdt.DevelopmentApplication - Starting DevelopmentApplication on DESKTOP-11AKJED with PID 14420 (D:\eclipse\workspace\development\target\classes started by 奥特虾不会写代码 in D:\eclipse\workspace\development)
[INFO ] 2020-04-13 16:55:59.197 [main] com.jnbdt.DevelopmentApplication - No active profile set, falling back to default profiles: default
[INFO ] 2020-04-13 16:56:00.078 [main] o.s.b.w.e.tomcat.TomcatWebServer - Tomcat initialized with port(s): 8822 (http)
[INFO ] 2020-04-13 16:56:00.086 [main] o.a.coyote.http11.Http11NioProtocol - Initializing ProtocolHandler ["http-nio-8822"]
[INFO ] 2020-04-13 16:56:00.086 [main] o.a.catalina.core.StandardService - Starting service [Tomcat]
[INFO ] 2020-04-13 16:56:00.087 [main] o.a.catalina.core.StandardEngine - Starting Servlet engine: [Apache Tomcat/9.0.33]
[INFO ] 2020-04-13 16:56:00.159 [main] o.a.c.c.C.[Tomcat].[localhost].[/] - Initializing Spring embedded WebApplicationContext
[INFO ] 2020-04-13 16:56:00.159 [main] o.s.web.context.ContextLoader - Root WebApplicationContext: initialization completed in 917 ms
[INFO ] 2020-04-13 16:56:00.611 [main] o.s.s.c.ThreadPoolTaskExecutor - Initializing ExecutorService 'applicationTaskExecutor'
[INFO ] 2020-04-13 16:56:00.772 [main] o.a.coyote.http11.Http11NioProtocol - Starting ProtocolHandler ["http-nio-8822"]
[INFO ] 2020-04-13 16:56:00.799 [main] o.s.b.w.e.tomcat.TomcatWebServer - Tomcat started on port(s): 8822 (http) with context path ''
[INFO ] 2020-04-13 16:56:00.802 [main] com.jnbdt.DevelopmentApplication - Started DevelopmentApplication in 2.153 seconds (JVM running for 3.63)
[INFO ] 2020-04-13 16:56:06.663 [http-nio-8822-exec-1] o.a.c.c.C.[Tomcat].[localhost].[/] - Initializing Spring DispatcherServlet 'dispatcherServlet'
[INFO ] 2020-04-13 16:56:06.664 [http-nio-8822-exec-1] o.s.web.servlet.DispatcherServlet - Initializing Servlet 'dispatcherServlet'
[INFO ] 2020-04-13 16:56:06.668 [http-nio-8822-exec-1] o.s.web.servlet.DispatcherServlet - Completed initialization in 4 ms
[INFO ] 2020-04-13 16:56:06.700 [http-nio-8822-exec-1] com.zaxxer.hikari.HikariDataSource - HikariPool-1 - Starting...
[INFO ] 2020-04-13 16:56:08.021 [http-nio-8822-exec-1] com.zaxxer.hikari.HikariDataSource - HikariPool-1 - Start completed.
[INFO ] 2020-04-13 19:43:01.064 [main] com.jnbdt.DevelopmentApplication - Starting DevelopmentApplication on DESKTOP-11AKJED with PID 15116 (D:\eclipse\workspace\development\target\classes started by 奥特虾不会写代码 in D:\eclipse\workspace\development)
[INFO ] 2020-04-13 19:43:01.071 [main] com.jnbdt.DevelopmentApplication - No active profile set, falling back to default profiles: default
[INFO ] 2020-04-13 19:43:01.980 [main] o.s.b.w.e.tomcat.TomcatWebServer - Tomcat initialized with port(s): 8822 (http)
[INFO ] 2020-04-13 19:43:01.987 [main] o.a.coyote.http11.Http11NioProtocol - Initializing ProtocolHandler ["http-nio-8822"]
[INFO ] 2020-04-13 19:43:01.988 [main] o.a.catalina.core.StandardService - Starting service [Tomcat]
[INFO ] 2020-04-13 19:43:01.989 [main] o.a.catalina.core.StandardEngine - Starting Servlet engine: [Apache Tomcat/9.0.33]
[INFO ] 2020-04-13 19:43:02.057 [main] o.a.c.c.C.[Tomcat].[localhost].[/] - Initializing Spring embedded WebApplicationContext
[INFO ] 2020-04-13 19:43:02.057 [main] o.s.web.context.ContextLoader - Root WebApplicationContext: initialization completed in 926 ms
[INFO ] 2020-04-13 19:43:02.497 [main] o.s.s.c.ThreadPoolTaskExecutor - Initializing ExecutorService 'applicationTaskExecutor'
[INFO ] 2020-04-13 19:43:02.659 [main] o.a.coyote.http11.Http11NioProtocol - Starting ProtocolHandler ["http-nio-8822"]
[INFO ] 2020-04-13 19:43:02.682 [main] o.s.b.w.e.tomcat.TomcatWebServer - Tomcat started on port(s): 8822 (http) with context path ''
[INFO ] 2020-04-13 19:43:02.685 [main] com.jnbdt.DevelopmentApplication - Started DevelopmentApplication in 2.184 seconds (JVM running for 3.852)
[INFO ] 2020-04-13 19:43:57.606 [http-nio-8822-exec-1] o.a.c.c.C.[Tomcat].[localhost].[/] - Initializing Spring DispatcherServlet 'dispatcherServlet'
[INFO ] 2020-04-13 19:43:57.606 [http-nio-8822-exec-1] o.s.web.servlet.DispatcherServlet - Initializing Servlet 'dispatcherServlet'
[INFO ] 2020-04-13 19:43:57.612 [http-nio-8822-exec-1] o.s.web.servlet.DispatcherServlet - Completed initialization in 6 ms
[INFO ] 2020-04-13 19:44:00.717 [http-nio-8822-exec-5] com.zaxxer.hikari.HikariDataSource - HikariPool-1 - Starting...
[INFO ] 2020-04-13 19:44:02.286 [http-nio-8822-exec-5] com.zaxxer.hikari.HikariDataSource - HikariPool-1 - Start completed.
[INFO ] 2020-04-13 19:53:12.890 [main] com.jnbdt.DevelopmentApplication - Starting DevelopmentApplication on DESKTOP-11AKJED with PID 13000 (D:\eclipse\workspace\development\target\classes started by 奥特虾不会写代码 in D:\eclipse\workspace\development)
[INFO ] 2020-04-13 19:53:12.893 [main] com.jnbdt.DevelopmentApplication - No active profile set, falling back to default profiles: default
[INFO ] 2020-04-13 19:53:13.800 [main] o.s.b.w.e.tomcat.TomcatWebServer - Tomcat initialized with port(s): 8822 (http)
[INFO ] 2020-04-13 19:53:13.809 [main] o.a.coyote.http11.Http11NioProtocol - Initializing ProtocolHandler ["http-nio-8822"]
[INFO ] 2020-04-13 19:53:13.809 [main] o.a.catalina.core.StandardService - Starting service [Tomcat]
[INFO ] 2020-04-13 19:53:13.810 [main] o.a.catalina.core.StandardEngine - Starting Servlet engine: [Apache Tomcat/9.0.33]
[INFO ] 2020-04-13 19:53:13.881 [main] o.a.c.c.C.[Tomcat].[localhost].[/] - Initializing Spring embedded WebApplicationContext
[INFO ] 2020-04-13 19:53:13.882 [main] o.s.web.context.ContextLoader - Root WebApplicationContext: initialization completed in 944 ms
[INFO ] 2020-04-13 19:53:14.336 [main] o.s.s.c.ThreadPoolTaskExecutor - Initializing ExecutorService 'applicationTaskExecutor'
[INFO ] 2020-04-13 19:53:14.501 [main] o.a.coyote.http11.Http11NioProtocol - Starting ProtocolHandler ["http-nio-8822"]
[INFO ] 2020-04-13 19:53:14.527 [main] o.s.b.w.e.tomcat.TomcatWebServer - Tomcat started on port(s): 8822 (http) with context path ''
[INFO ] 2020-04-13 19:53:14.533 [main] com.jnbdt.DevelopmentApplication - Started DevelopmentApplication in 2.077 seconds (JVM running for 3.594)
[INFO ] 2020-04-13 19:53:14.650 [http-nio-8822-exec-1] o.a.c.c.C.[Tomcat].[localhost].[/] - Initializing Spring DispatcherServlet 'dispatcherServlet'
[INFO ] 2020-04-13 19:53:14.651 [http-nio-8822-exec-1] o.s.web.servlet.DispatcherServlet - Initializing Servlet 'dispatcherServlet'
[INFO ] 2020-04-13 19:53:14.656 [http-nio-8822-exec-1] o.s.web.servlet.DispatcherServlet - Completed initialization in 5 ms
[INFO ] 2020-04-13 19:53:22.196 [http-nio-8822-exec-1] com.zaxxer.hikari.HikariDataSource - HikariPool-1 - Starting...
[INFO ] 2020-04-13 19:53:23.857 [http-nio-8822-exec-1] com.zaxxer.hikari.HikariDataSource - HikariPool-1 - Start completed.
[INFO ] 2020-04-13 19:56:05.986 [RMI TCP Connection(4)-127.0.0.1] o.s.b.a.SpringApplicationAdminMXBeanRegistrar$SpringApplicationAdmin - Application shutdown requested.
[INFO ] 2020-04-13 19:56:05.988 [RMI TCP Connection(4)-127.0.0.1] o.s.s.c.ThreadPoolTaskExecutor - Shutting down ExecutorService 'applicationTaskExecutor'
[INFO ] 2020-04-13 19:56:05.988 [RMI TCP Connection(4)-127.0.0.1] com.zaxxer.hikari.HikariDataSource - HikariPool-1 - Shutdown initiated...
[INFO ] 2020-04-13 19:56:06.327 [RMI TCP Connection(4)-127.0.0.1] com.zaxxer.hikari.HikariDataSource - HikariPool-1 - Shutdown completed.
[INFO ] 2020-04-13 19:56:14.865 [main] com.jnbdt.DevelopmentApplication - Starting DevelopmentApplication on DESKTOP-11AKJED with PID 14460 (D:\eclipse\workspace\development\target\classes started by 奥特虾不会写代码 in D:\eclipse\workspace\development)
[INFO ] 2020-04-13 19:56:14.869 [main] com.jnbdt.DevelopmentApplication - No active profile set, falling back to default profiles: default
[INFO ] 2020-04-13 19:56:15.678 [main] o.s.b.w.e.tomcat.TomcatWebServer - Tomcat initialized with port(s): 8822 (http)
[INFO ] 2020-04-13 19:56:15.686 [main] o.a.coyote.http11.Http11NioProtocol - Initializing ProtocolHandler ["http-nio-8822"]
[INFO ] 2020-04-13 19:56:15.686 [main] o.a.catalina.core.StandardService - Starting service [Tomcat]
[INFO ] 2020-04-13 19:56:15.687 [main] o.a.catalina.core.StandardEngine - Starting Servlet engine: [Apache Tomcat/9.0.33]
[INFO ] 2020-04-13 19:56:15.758 [main] o.a.c.c.C.[Tomcat].[localhost].[/] - Initializing Spring embedded WebApplicationContext
[INFO ] 2020-04-13 19:56:15.758 [main] o.s.web.context.ContextLoader - Root WebApplicationContext: initialization completed in 852 ms
[INFO ] 2020-04-13 19:56:16.192 [main] o.s.s.c.ThreadPoolTaskExecutor - Initializing ExecutorService 'applicationTaskExecutor'
[INFO ] 2020-04-13 19:56:16.352 [main] o.a.coyote.http11.Http11NioProtocol - Starting ProtocolHandler ["http-nio-8822"]
[INFO ] 2020-04-13 19:56:16.374 [main] o.s.b.w.e.tomcat.TomcatWebServer - Tomcat started on port(s): 8822 (http) with context path ''
[INFO ] 2020-04-13 19:56:16.377 [main] com.jnbdt.DevelopmentApplication - Started DevelopmentApplication in 1.933 seconds (JVM running for 3.438)
[INFO ] 2020-04-13 19:56:20.286 [http-nio-8822-exec-3] o.a.c.c.C.[Tomcat].[localhost].[/] - Initializing Spring DispatcherServlet 'dispatcherServlet'
[INFO ] 2020-04-13 19:56:20.287 [http-nio-8822-exec-3] o.s.web.servlet.DispatcherServlet - Initializing Servlet 'dispatcherServlet'
[INFO ] 2020-04-13 19:56:20.291 [http-nio-8822-exec-3] o.s.web.servlet.DispatcherServlet - Completed initialization in 4 ms
[INFO ] 2020-04-13 19:56:20.321 [http-nio-8822-exec-3] com.zaxxer.hikari.HikariDataSource - HikariPool-1 - Starting...
[INFO ] 2020-04-13 19:56:21.846 [http-nio-8822-exec-3] com.zaxxer.hikari.HikariDataSource - HikariPool-1 - Start completed.
