[WARN ] 2020-04-13 14:46:08.816 [main] o.s.b.w.s.c.AnnotationConfigServletWebServerApplicationContext - Exception encountered during context initialization - cancelling refresh attempt: org.springframework.beans.factory.UnsatisfiedDependencyException: Error creating bean with name 'developmentServiceImpl': Unsatisfied dependency expressed through field 'developmentDao'; nested exception is org.springframework.beans.factory.NoSuchBeanDefinitionException: No qualifying bean of type 'com.jnbdt.dao.DevelopmentDao' available: expected at least 1 bean which qualifies as autowire candidate. Dependency annotations: {@org.springframework.beans.factory.annotation.Autowired(required=true)}
[WARN ] 2020-04-13 14:46:48.901 [main] o.s.b.a.t.ThymeleafAutoConfiguration$DefaultTemplateResolverConfiguration - Cannot find template location: classpath:/templates/ (please add some templates or check your Thymeleaf configuration)
[WARN ] 2020-04-13 15:11:20.166 [http-nio-8822-exec-1] c.z.hikari.util.DriverDataSource - Registered driver with driverClassName=oracle.jdbc.driver.OracleDriver was not found, trying direct instantiation.
[WARN ] 2020-04-13 15:12:09.336 [http-nio-8822-exec-4] c.z.hikari.util.DriverDataSource - Registered driver with driverClassName=oracle.jdbc.driver.OracleDriver was not found, trying direct instantiation.
[WARN ] 2020-04-13 15:13:11.220 [http-nio-8822-exec-2] c.z.hikari.util.DriverDataSource - Registered driver with driverClassName=oracle.jdbc.driver.OracleDriver was not found, trying direct instantiation.
[WARN ] 2020-04-13 15:17:30.952 [http-nio-8822-exec-2] c.z.hikari.util.DriverDataSource - Registered driver with driverClassName=oracle.jdbc.driver.OracleDriver was not found, trying direct instantiation.
[WARN ] 2020-04-13 15:18:16.544 [http-nio-8822-exec-2] c.z.hikari.util.DriverDataSource - Registered driver with driverClassName=oracle.jdbc.driver.OracleDriver was not found, trying direct instantiation.
[WARN ] 2020-04-13 15:48:34.070 [http-nio-8822-exec-10] c.z.hikari.util.DriverDataSource - Registered driver with driverClassName=oracle.jdbc.driver.OracleDriver was not found, trying direct instantiation.
[WARN ] 2020-04-13 15:49:16.333 [http-nio-8822-exec-3] c.z.hikari.util.DriverDataSource - Registered driver with driverClassName=oracle.jdbc.driver.OracleDriver was not found, trying direct instantiation.
[WARN ] 2020-04-13 15:51:30.372 [http-nio-8822-exec-4] c.z.hikari.util.DriverDataSource - Registered driver with driverClassName=oracle.jdbc.driver.OracleDriver was not found, trying direct instantiation.
[WARN ] 2020-04-13 15:53:01.719 [http-nio-8822-exec-3] c.z.hikari.util.DriverDataSource - Registered driver with driverClassName=oracle.jdbc.driver.OracleDriver was not found, trying direct instantiation.
[WARN ] 2020-04-13 15:56:37.747 [http-nio-8822-exec-2] c.z.hikari.util.DriverDataSource - Registered driver with driverClassName=oracle.jdbc.driver.OracleDriver was not found, trying direct instantiation.
[WARN ] 2020-04-13 16:02:13.912 [http-nio-8822-exec-3] c.z.hikari.util.DriverDataSource - Registered driver with driverClassName=oracle.jdbc.driver.OracleDriver was not found, trying direct instantiation.
[WARN ] 2020-04-13 16:05:50.351 [http-nio-8822-exec-3] c.z.hikari.util.DriverDataSource - Registered driver with driverClassName=oracle.jdbc.driver.OracleDriver was not found, trying direct instantiation.
[WARN ] 2020-04-13 16:11:44.471 [http-nio-8822-exec-3] c.z.hikari.util.DriverDataSource - Registered driver with driverClassName=oracle.jdbc.driver.OracleDriver was not found, trying direct instantiation.
[WARN ] 2020-04-13 16:19:17.357 [http-nio-8822-exec-1] c.z.hikari.util.DriverDataSource - Registered driver with driverClassName=oracle.jdbc.driver.OracleDriver was not found, trying direct instantiation.
[WARN ] 2020-04-13 16:19:30.407 [http-nio-8822-exec-4] o.s.w.s.m.s.DefaultHandlerExceptionResolver - Resolved [org.springframework.web.method.annotation.MethodArgumentTypeMismatchException: Failed to convert value of type 'java.lang.String' to required type 'java.lang.Integer'; nested exception is java.lang.NumberFormatException: For input string: "[{"yfQty":"11"},{"yfQty":"22"}]"]
[WARN ] 2020-04-13 16:20:23.829 [http-nio-8822-exec-7] o.s.w.s.m.s.DefaultHandlerExceptionResolver - Resolved [org.springframework.web.method.annotation.MethodArgumentTypeMismatchException: Failed to convert value of type 'java.lang.String' to required type 'java.lang.Integer'; nested exception is java.lang.NumberFormatException: For input string: "[{"yfQty":"22"}]"]
[WARN ] 2020-04-13 16:22:44.460 [http-nio-8822-exec-5] c.z.hikari.util.DriverDataSource - Registered driver with driverClassName=oracle.jdbc.driver.OracleDriver was not found, trying direct instantiation.
[WARN ] 2020-04-13 16:30:35.360 [http-nio-8822-exec-4] c.z.hikari.util.DriverDataSource - Registered driver with driverClassName=oracle.jdbc.driver.OracleDriver was not found, trying direct instantiation.
[WARN ] 2020-04-13 16:31:51.211 [http-nio-8822-exec-1] c.z.hikari.util.DriverDataSource - Registered driver with driverClassName=oracle.jdbc.driver.OracleDriver was not found, trying direct instantiation.
[WARN ] 2020-04-13 16:43:08.825 [http-nio-8822-exec-1] c.z.hikari.util.DriverDataSource - Registered driver with driverClassName=oracle.jdbc.driver.OracleDriver was not found, trying direct instantiation.
[WARN ] 2020-04-13 16:56:06.702 [http-nio-8822-exec-1] c.z.hikari.util.DriverDataSource - Registered driver with driverClassName=oracle.jdbc.driver.OracleDriver was not found, trying direct instantiation.
[WARN ] 2020-04-13 19:44:00.719 [http-nio-8822-exec-5] c.z.hikari.util.DriverDataSource - Registered driver with driverClassName=oracle.jdbc.driver.OracleDriver was not found, trying direct instantiation.
[WARN ] 2020-04-13 19:53:22.198 [http-nio-8822-exec-1] c.z.hikari.util.DriverDataSource - Registered driver with driverClassName=oracle.jdbc.driver.OracleDriver was not found, trying direct instantiation.
[WARN ] 2020-04-13 19:56:20.324 [http-nio-8822-exec-3] c.z.hikari.util.DriverDataSource - Registered driver with driverClassName=oracle.jdbc.driver.OracleDriver was not found, trying direct instantiation.
